#
# A fatal error has been detected by the Java Runtime Environment:
#
#  EXCEPTION_UNCAUGHT_CXX_EXCEPTION (0xe06d7363) at pc=0x000007fefcdf940d, pid=8716, tid=9380
#
# JRE version: Java(TM) SE Runtime Environment (8.0_20-b26) (build 1.8.0_20-b26)
# Java VM: Java HotSpot(TM) 64-Bit Server VM (25.20-b23 mixed mode windows-amd64 compressed oops)
# Problematic frame:
# C  [KERNELBASE.dll+0x940d]
#
# Failed to write core dump. Minidumps are not enabled by default on client versions of Windows
#
# If you would like to submit a bug report, please visit:
#   http://bugreport.sun.com/bugreport/crash.jsp
# The crash happened outside the Java Virtual Machine in native code.
# See problematic frame for where to report the bug.
#

---------------  T H R E A D  ---------------

Current thread (0x0000000018df3000):  JavaThread "Attach Listener" daemon [_thread_in_native, id=9380, stack(0x0000000018970000,0x0000000018a70000)]

siginfo: ExceptionCode=0xe06d7363, ExceptionInformation=0x0000000019930520 0x0000000018a6de70 0x000007feed4a5d60 0x000007feed2c0000 

Registers:
RAX=0x000000006cb6e912, RBX=0x000007feed4a5d60, RCX=0x0000000018a6d700, RDX=0x00000000000000d0
RSP=0x0000000018a6dd10, RBP=0x0000000018a6de40, RSI=0x0000000018a6e098, RDI=0x000000001dda1e20
R8 =0x0000000000000000, R9 =0x0000000000000000, R10=0x000007feed2c0000, R11=0x0000000018a6dd50
R12=0x000007feed42bb48, R13=0x0000000000000000, R14=0x000007feed3ada38, R15=0x000007feed469860
RIP=0x000007fefcdf940d, EFLAGS=0x0000000000000206

Top of Stack: (sp=0x0000000018a6dd10)
0x0000000018a6dd10:   000007feed4a5d60 0000000018a6e098
0x0000000018a6dd20:   000000001dda1e20 000000001ddc36f0
0x0000000018a6dd30:   00000001e06d7363 0000000000000000
0x0000000018a6dd40:   000007fefcdf940d 000007fe00000004
0x0000000018a6dd50:   0000000019930520 0000000018a6de70
0x0000000018a6dd60:   000007feed4a5d60 000007feed2c0000
0x0000000018a6dd70:   0000000000490000 0000000018a6ddf8
0x0000000018a6dd80:   0000000000000000 0000000021ac40f0
0x0000000018a6dd90:   000000001dd80880 000000000000001e
0x0000000018a6dda0:   0000000018a6dda8 3030303030303030
0x0000000018a6ddb0:   000007feed3ada38 0000000000000000
0x0000000018a6ddc0:   000007feed42bb48 000000001dda1e20
0x0000000018a6ddd0:   0000000018a6e098 000007feed37efac
0x0000000018a6dde0:   000007feed4a5d60 0000000018a6de50
0x0000000018a6ddf0:   0000000000000001 000007feed2c00e8
0x0000000018a6de00:   00000001e06d7363 0000000000000000 

Instructions: (pc=0x000007fefcdf940d)
0x000007fefcdf93ed:   54 24 24 48 89 4c 24 28 4d 85 c9 0f 85 aa 18 00
0x000007fefcdf93fd:   00 89 4c 24 38 48 8d 4c 24 20 ff 15 93 1e 04 00
0x000007fefcdf940d:   48 81 c4 c8 00 00 00 c3 90 90 90 90 90 90 90 90
0x000007fefcdf941d:   90 90 90 48 8b c4 48 83 ec 78 41 f7 c0 fe ff ff 


Register to memory mapping:

RAX=0x000000006cb6e912 is an unknown value
RBX=0x000007feed4a5d60 is an unknown value
RCX=0x0000000018a6d700 is pointing into the stack for thread: 0x0000000018df3000
RDX=0x00000000000000d0 is an unknown value
RSP=0x0000000018a6dd10 is pointing into the stack for thread: 0x0000000018df3000
RBP=0x0000000018a6de40 is pointing into the stack for thread: 0x0000000018df3000
RSI=0x0000000018a6e098 is pointing into the stack for thread: 0x0000000018df3000
RDI=0x000000001dda1e20 is an unknown value
R8 =0x0000000000000000 is an unknown value
R9 =0x0000000000000000 is an unknown value
R10=0x000007feed2c0000 is an unknown value
R11=0x0000000018a6dd50 is pointing into the stack for thread: 0x0000000018df3000
R12=0x000007feed42bb48 is an unknown value
R13=0x0000000000000000 is an unknown value
R14=0x000007feed3ada38 is an unknown value
R15=0x000007feed469860 is an unknown value


Stack: [0x0000000018970000,0x0000000018a70000],  sp=0x0000000018a6dd10,  free space=1015k
Native frames: (J=compiled Java code, j=interpreted, Vv=VM code, C=native code)
C  [KERNELBASE.dll+0x940d]
C  [yjpagent.dll+0xbefac]
C  [yjpagent.dll+0x51322]
C  [yjpagent.dll+0x48dc1]
C  [yjpagent.dll+0x496ec]
C  [yjpagent.dll+0x4a948]
C  [yjpagent.dll+0x4f545]
C  [yjpagent.dll+0x4a354]
V  [jvm.dll+0x1a3473]
V  [jvm.dll+0x232681]
V  [jvm.dll+0x22aac4]
V  [jvm.dll+0x283f5a]
C  [msvcr100.dll+0x21d9f]
C  [msvcr100.dll+0x21e3b]
C  [kernel32.dll+0x159ed]
C  [ntdll.dll+0x2c541]


---------------  P R O C E S S  ---------------

Java Threads: ( => current thread )
  0x0000000018fff000 JavaThread "SwingWorker-pool-2-thread-3" daemon [_thread_blocked, id=6632, stack(0x000000001b960000,0x000000001ba60000)]
  0x000000001a15e000 JavaThread "SwingWorker-pool-2-thread-2" daemon [_thread_blocked, id=9980, stack(0x000000001b150000,0x000000001b250000)]
  0x000000001a2f2800 JavaThread "SwingWorker-pool-2-thread-1" daemon [_thread_blocked, id=8596, stack(0x000000001e430000,0x000000001e530000)]
  0x000000001a471000 JavaThread "Swing-Shell" daemon [_thread_blocked, id=9328, stack(0x000000001daf0000,0x000000001dbf0000)]
  0x000000001a38f000 JavaThread "TimerQueue" daemon [_thread_blocked, id=8072, stack(0x000000001a8f0000,0x000000001a9f0000)]
  0x00000000023ff800 JavaThread "DestroyJavaVM" [_thread_blocked, id=1124, stack(0x0000000002680000,0x0000000002780000)]
  0x000000001a372800 JavaThread "AWT-EventQueue-0" [_thread_blocked, id=1456, stack(0x000000001ab80000,0x000000001ac80000)]
  0x000000001a249800 JavaThread "AWT-Windows" daemon [_thread_in_native, id=7568, stack(0x000000001ada0000,0x000000001aea0000)]
  0x000000001918d000 JavaThread "AWT-Shutdown" [_thread_blocked, id=5264, stack(0x000000001ac80000,0x000000001ad80000)]
  0x000000001a249000 JavaThread "Java2D Disposer" daemon [_thread_blocked, id=8324, stack(0x000000001aa00000,0x000000001ab00000)]
  0x0000000018f7d000 JavaThread "Service Thread" daemon [_thread_blocked, id=8208, stack(0x0000000019cc0000,0x0000000019dc0000)]
  0x0000000018ec6800 JavaThread "C1 CompilerThread2" daemon [_thread_blocked, id=1216, stack(0x0000000019e60000,0x0000000019f60000)]
  0x0000000018ec3800 JavaThread "C2 CompilerThread1" daemon [_thread_blocked, id=6208, stack(0x0000000019b70000,0x0000000019c70000)]
  0x0000000018e9d000 JavaThread "C2 CompilerThread0" daemon [_thread_blocked, id=10060, stack(0x0000000019660000,0x0000000019760000)]
  0x0000000018e01000 JavaThread "JDWP Command Reader" daemon [_thread_in_native, id=2872, stack(0x0000000019980000,0x0000000019a80000)]
  0x0000000017a8f000 JavaThread "JDWP Event Helper Thread" daemon [_thread_blocked, id=7596, stack(0x0000000019810000,0x0000000019910000)]
  0x0000000018dfa000 JavaThread "JDWP Transport Listener: dt_socket" daemon [_thread_blocked, id=8684, stack(0x0000000019520000,0x0000000019620000)]
=>0x0000000018df3000 JavaThread "Attach Listener" daemon [_thread_in_native, id=9380, stack(0x0000000018970000,0x0000000018a70000)]
  0x0000000018df0800 JavaThread "Signal Dispatcher" daemon [_thread_blocked, id=9144, stack(0x0000000019260000,0x0000000019360000)]
  0x0000000017a26000 JavaThread "Finalizer" daemon [_thread_blocked, id=7700, stack(0x0000000018cf0000,0x0000000018df0000)]
  0x0000000017a1d000 JavaThread "Reference Handler" daemon [_thread_blocked, id=1548, stack(0x0000000018b80000,0x0000000018c80000)]

Other Threads:
  0x0000000017a17000 VMThread [stack: 0x0000000018a70000,0x0000000018b70000] [id=5804]
  0x0000000018f81000 WatcherThread [stack: 0x0000000019fe0000,0x000000001a0e0000] [id=5448]

VM state:not at safepoint (normal execution)

VM Mutex/Monitor currently owned by a thread: None

Heap:
 PSYoungGen      total 403968K, used 1470K [0x00000000d5580000, 0x00000000fd500000, 0x0000000100000000)
  eden space 171008K, 0% used [0x00000000d5580000,0x00000000d56efb00,0x00000000dfc80000)
  from space 232960K, 0% used [0x00000000dfc80000,0x00000000dfc80000,0x00000000ee000000)
  to   space 231936K, 0% used [0x00000000ef280000,0x00000000ef280000,0x00000000fd500000)
 ParOldGen       total 1398272K, used 968450K [0x0000000080000000, 0x00000000d5580000, 0x00000000d5580000)
  object space 1398272K, 69% used [0x0000000080000000,0x00000000bb1c0bc8,0x00000000d5580000)
 Metaspace       used 20263K, capacity 20578K, committed 20992K, reserved 1067008K
  class space    used 2395K, capacity 2460K, committed 2560K, reserved 1048576K

Card table byte_map: [0x0000000011f10000,0x0000000012320000] byte_map_base: 0x0000000011b10000

Marking Bits: (ParMarkBitMap*) 0x000000007050b460
 Begin Bits: [0x0000000012c90000, 0x0000000014c90000)
 End Bits:   [0x0000000014c90000, 0x0000000016c90000)

Polling page: 0x0000000000160000

CodeCache: size=245760Kb used=10722Kb max_used=10751Kb free=235037Kb
 bounds [0x0000000002b50000, 0x00000000035f0000, 0x0000000011b50000]
 total_blobs=3712 nmethods=3140 adapters=490
 compilation: enabled

Compilation events (10 events):
Event: 359.874 Thread 0x0000000018e9d000 nmethod 3496 0x00000000035aa9d0 code [0x00000000035aaba0, 0x00000000035ab2f0]
Event: 359.874 Thread 0x0000000018e9d000 3504       4       javax.swing.text.FlowView::layout (163 bytes)
Event: 360.063 Thread 0x0000000018e9d000 nmethod 3504 0x00000000035ba890 code [0x00000000035bad40, 0x00000000035bfc00]
Event: 360.063 Thread 0x0000000018e9d000 3512 % !   4       com.ingenuity.temp.apiupload.DatasetReader::getTable @ 136 (220 bytes)
Event: 360.077 Thread 0x0000000018e9d000 nmethod 3512% 0x00000000035abc10 code [0x00000000035abe40, 0x00000000035acc40]
Event: 360.088 Thread 0x0000000018ec3800 nmethod 3493 0x00000000035cf9d0 code [0x00000000035d0280, 0x00000000035d7ff8]
Event: 360.093 Thread 0x0000000018e9d000 3513   !   4       com.ingenuity.temp.apiupload.DatasetReader::getTable (220 bytes)
Event: 360.114 Thread 0x0000000018e9d000 nmethod 3513 0x00000000035b7a10 code [0x00000000035b7dc0, 0x00000000035b94f0]
Event: 1158.987 Thread 0x0000000018ec6800 3514       3       java.lang.StringBuilder::append (9 bytes)
Event: 1158.988 Thread 0x0000000018ec6800 nmethod 3514 0x0000000003007d50 code [0x0000000003007ee0, 0x00000000030082d8]

GC Heap History (10 events):
Event: 1132.816 GC heap before
{Heap before GC invocations=193 (full 164):
 PSYoungGen      total 403968K, used 171008K [0x00000000d5580000, 0x00000000fd500000, 0x0000000100000000)
  eden space 171008K, 100% used [0x00000000d5580000,0x00000000dfc80000,0x00000000dfc80000)
  from space 232960K, 0% used [0x00000000dfc80000,0x00000000dfc80000,0x00000000ee000000)
  to   space 231936K, 0% used [0x00000000ef280000,0x00000000ef280000,0x00000000fd500000)
 ParOldGen       total 1398272K, used 1398272K [0x0000000080000000, 0x00000000d5580000, 0x00000000d5580000)
  object space 1398272K, 100% used [0x0000000080000000,0x00000000d5580000,0x00000000d5580000)
 Metaspace       used 20260K, capacity 20578K, committed 20992K, reserved 1067008K
  class space    used 2394K, capacity 2460K, committed 2560K, reserved 1048576K
Event: 1138.047 GC heap after
Heap after GC invocations=193 (full 164):
 PSYoungGen      total 403968K, used 171008K [0x00000000d5580000, 0x00000000fd500000, 0x0000000100000000)
  eden space 171008K, 100% used [0x00000000d5580000,0x00000000dfc80000,0x00000000dfc80000)
  from space 232960K, 0% used [0x00000000dfc80000,0x00000000dfc80000,0x00000000ee000000)
  to   space 231936K, 0% used [0x00000000ef280000,0x00000000ef280000,0x00000000fd500000)
 ParOldGen       total 1398272K, used 1398272K [0x0000000080000000, 0x00000000d5580000, 0x00000000d5580000)
  object space 1398272K, 100% used [0x0000000080000000,0x00000000d5580000,0x00000000d5580000)
 Metaspace       used 20260K, capacity 20578K, committed 20992K, reserved 1067008K
  class space    used 2394K, capacity 2460K, committed 2560K, reserved 1048576K
}
Event: 1138.047 GC heap before
{Heap before GC invocations=194 (full 165):
 PSYoungGen      total 403968K, used 171008K [0x00000000d5580000, 0x00000000fd500000, 0x0000000100000000)
  eden space 171008K, 100% used [0x00000000d5580000,0x00000000dfc80000,0x00000000dfc80000)
  from space 232960K, 0% used [0x00000000dfc80000,0x00000000dfc80000,0x00000000ee000000)
  to   space 231936K, 0% used [0x00000000ef280000,0x00000000ef280000,0x00000000fd500000)
 ParOldGen       total 1398272K, used 1398272K [0x0000000080000000, 0x00000000d5580000, 0x00000000d5580000)
  object space 1398272K, 100% used [0x0000000080000000,0x00000000d5580000,0x00000000d5580000)
 Metaspace       used 20260K, capacity 20578K, committed 20992K, reserved 1067008K
  class space    used 2394K, capacity 2460K, committed 2560K, reserved 1048576K
Event: 1143.233 GC heap after
Heap after GC invocations=194 (full 165):
 PSYoungGen      total 403968K, used 171008K [0x00000000d5580000, 0x00000000fd500000, 0x0000000100000000)
  eden space 171008K, 100% used [0x00000000d5580000,0x00000000dfc80000,0x00000000dfc80000)
  from space 232960K, 0% used [0x00000000dfc80000,0x00000000dfc80000,0x00000000ee000000)
  to   space 231936K, 0% used [0x00000000ef280000,0x00000000ef280000,0x00000000fd500000)
 ParOldGen       total 1398272K, used 1398272K [0x0000000080000000, 0x00000000d5580000, 0x00000000d5580000)
  object space 1398272K, 100% used [0x0000000080000000,0x00000000d5580000,0x00000000d5580000)
 Metaspace       used 20260K, capacity 20578K, committed 20992K, reserved 1067008K
  class space    used 2394K, capacity 2460K, committed 2560K, reserved 1048576K
}
Event: 1143.233 GC heap before
{Heap before GC invocations=195 (full 166):
 PSYoungGen      total 403968K, used 171008K [0x00000000d5580000, 0x00000000fd500000, 0x0000000100000000)
  eden space 171008K, 100% used [0x00000000d5580000,0x00000000dfc80000,0x00000000dfc80000)
  from space 232960K, 0% used [0x00000000dfc80000,0x00000000dfc80000,0x00000000ee000000)
  to   space 231936K, 0% used [0x00000000ef280000,0x00000000ef280000,0x00000000fd500000)
 ParOldGen       total 1398272K, used 1398272K [0x0000000080000000, 0x00000000d5580000, 0x00000000d5580000)
  object space 1398272K, 100% used [0x0000000080000000,0x00000000d5580000,0x00000000d5580000)
 Metaspace       used 20260K, capacity 20578K, committed 20992K, reserved 1067008K
  class space    used 2394K, capacity 2460K, committed 2560K, reserved 1048576K
Event: 1148.436 GC heap after
Heap after GC invocations=195 (full 166):
 PSYoungGen      total 403968K, used 171008K [0x00000000d5580000, 0x00000000fd500000, 0x0000000100000000)
  eden space 171008K, 100% used [0x00000000d5580000,0x00000000dfc80000,0x00000000dfc80000)
  from space 232960K, 0% used [0x00000000dfc80000,0x00000000dfc80000,0x00000000ee000000)
  to   space 231936K, 0% used [0x00000000ef280000,0x00000000ef280000,0x00000000fd500000)
 ParOldGen       total 1398272K, used 1398272K [0x0000000080000000, 0x00000000d5580000, 0x00000000d5580000)
  object space 1398272K, 100% used [0x0000000080000000,0x00000000d5580000,0x00000000d5580000)
 Metaspace       used 20260K, capacity 20578K, committed 20992K, reserved 1067008K
  class space    used 2394K, capacity 2460K, committed 2560K, reserved 1048576K
}
Event: 1148.436 GC heap before
{Heap before GC invocations=196 (full 167):
 PSYoungGen      total 403968K, used 171008K [0x00000000d5580000, 0x00000000fd500000, 0x0000000100000000)
  eden space 171008K, 100% used [0x00000000d5580000,0x00000000dfc80000,0x00000000dfc80000)
  from space 232960K, 0% used [0x00000000dfc80000,0x00000000dfc80000,0x00000000ee000000)
  to   space 231936K, 0% used [0x00000000ef280000,0x00000000ef280000,0x00000000fd500000)
 ParOldGen       total 1398272K, used 1398272K [0x0000000080000000, 0x00000000d5580000, 0x00000000d5580000)
  object space 1398272K, 100% used [0x0000000080000000,0x00000000d5580000,0x00000000d5580000)
 Metaspace       used 20260K, capacity 20578K, committed 20992K, reserved 1067008K
  class space    used 2394K, capacity 2460K, committed 2560K, reserved 1048576K
Event: 1153.662 GC heap after
Heap after GC invocations=196 (full 167):
 PSYoungGen      total 403968K, used 171008K [0x00000000d5580000, 0x00000000fd500000, 0x0000000100000000)
  eden space 171008K, 100% used [0x00000000d5580000,0x00000000dfc80000,0x00000000dfc80000)
  from space 232960K, 0% used [0x00000000dfc80000,0x00000000dfc80000,0x00000000ee000000)
  to   space 231936K, 0% used [0x00000000ef280000,0x00000000ef280000,0x00000000fd500000)
 ParOldGen       total 1398272K, used 1398272K [0x0000000080000000, 0x00000000d5580000, 0x00000000d5580000)
  object space 1398272K, 100% used [0x0000000080000000,0x00000000d5580000,0x00000000d5580000)
 Metaspace       used 20260K, capacity 20578K, committed 20992K, reserved 1067008K
  class space    used 2394K, capacity 2460K, committed 2560K, reserved 1048576K
}
Event: 1153.663 GC heap before
{Heap before GC invocations=197 (full 168):
 PSYoungGen      total 403968K, used 171008K [0x00000000d5580000, 0x00000000fd500000, 0x0000000100000000)
  eden space 171008K, 100% used [0x00000000d5580000,0x00000000dfc80000,0x00000000dfc80000)
  from space 232960K, 0% used [0x00000000dfc80000,0x00000000dfc80000,0x00000000ee000000)
  to   space 231936K, 0% used [0x00000000ef280000,0x00000000ef280000,0x00000000fd500000)
 ParOldGen       total 1398272K, used 1398272K [0x0000000080000000, 0x00000000d5580000, 0x00000000d5580000)
  object space 1398272K, 100% used [0x0000000080000000,0x00000000d5580000,0x00000000d5580000)
 Metaspace       used 20260K, capacity 20578K, committed 20992K, reserved 1067008K
  class space    used 2394K, capacity 2460K, committed 2560K, reserved 1048576K
Event: 1158.979 GC heap after
Heap after GC invocations=197 (full 168):
 PSYoungGen      total 403968K, used 0K [0x00000000d5580000, 0x00000000fd500000, 0x0000000100000000)
  eden space 171008K, 0% used [0x00000000d5580000,0x00000000d5580000,0x00000000dfc80000)
  from space 232960K, 0% used [0x00000000dfc80000,0x00000000dfc80000,0x00000000ee000000)
  to   space 231936K, 0% used [0x00000000ef280000,0x00000000ef280000,0x00000000fd500000)
 ParOldGen       total 1398272K, used 968450K [0x0000000080000000, 0x00000000d5580000, 0x00000000d5580000)
  object space 1398272K, 69% used [0x0000000080000000,0x00000000bb1c0bc8,0x00000000d5580000)
 Metaspace       used 20260K, capacity 20578K, committed 20992K, reserved 1067008K
  class space    used 2394K, capacity 2460K, committed 2560K, reserved 1048576K
}

Deoptimization events (10 events):
Event: 77.518 Thread 0x000000001a15e000 Uncommon trap: reason=class_check action=maybe_recompile pc=0x00000000033aaf70 method=sun.nio.cs.StreamDecoder.readBytes()I @ 135
Event: 77.519 Thread 0x000000001a15e000 Uncommon trap: reason=class_check action=maybe_recompile pc=0x00000000033aaf70 method=sun.nio.cs.StreamDecoder.readBytes()I @ 135
Event: 77.548 Thread 0x000000001a15e000 Uncommon trap: reason=class_check action=maybe_recompile pc=0x00000000033aaf70 method=sun.nio.cs.StreamDecoder.readBytes()I @ 135
Event: 77.548 Thread 0x000000001a15e000 Uncommon trap: reason=class_check action=maybe_recompile pc=0x00000000033aaf70 method=sun.nio.cs.StreamDecoder.readBytes()I @ 135
Event: 77.549 Thread 0x000000001a15e000 Uncommon trap: reason=class_check action=maybe_recompile pc=0x00000000033a2efc method=sun.nio.cs.StreamDecoder.readBytes()I @ 135
Event: 77.550 Thread 0x000000001a15e000 Uncommon trap: reason=class_check action=maybe_recompile pc=0x0000000002e1d808 method=sun.nio.cs.StreamDecoder.readBytes()I @ 135
Event: 81.503 Thread 0x000000001a372800 Uncommon trap: reason=bimorphic action=maybe_recompile pc=0x0000000002d2e02c method=javax.swing.text.BoxView.getMinimumSpan(I)F @ 10
Event: 81.514 Thread 0x000000001a372800 Uncommon trap: reason=bimorphic action=maybe_recompile pc=0x0000000002d2e02c method=javax.swing.text.BoxView.getMinimumSpan(I)F @ 10
Event: 355.657 Thread 0x000000001a372800 Uncommon trap: reason=null_check action=make_not_entrant pc=0x000000000307a424 method=java.lang.Class.reflectionData()Ljava/lang/Class$ReflectionData; @ 24
Event: 355.657 Thread 0x000000001a372800 Uncommon trap: reason=null_check action=make_not_entrant pc=0x00000000030b0440 method=java.lang.Class.reflectionData()Ljava/lang/Class$ReflectionData; @ 24

Internal exceptions (10 events):
Event: 85.875 Thread 0x000000001a15e000 Exception <a 'java/security/PrivilegedActionException'> (0x00000000d963ae68) thrown at [D:\re\workspace\8-2-build-windows-amd64-cygwin\jdk8u20\1074\hotspot\src\share\vm\prims\jvm.cpp, line 1275]
Event: 173.965 Thread 0x000000001a15e000 Exception <a 'java/lang/OutOfMemoryError'> (0x000000008103c370) thrown at [D:\re\workspace\8-2-build-windows-amd64-cygwin\jdk8u20\1074\hotspot\src\share\vm\gc_interface/collectedHeap.inline.hpp, line 159]
Event: 355.657 Thread 0x000000001a372800 Implicit null exception at 0x000000000307977a to 0x000000000307a405
Event: 355.657 Thread 0x000000001a372800 Implicit null exception at 0x00000000030b03d1 to 0x00000000030b0429
Event: 1127.642 Thread 0x0000000018fff000 Exception <a 'java/lang/OutOfMemoryError'> (0x000000008103bc90) thrown at [D:\re\workspace\8-2-build-windows-amd64-cygwin\jdk8u20\1074\hotspot\src\share\vm\gc_interface/collectedHeap.inline.hpp, line 159]
Event: 1143.233 Thread 0x000000001a372800 Exception <a 'java/lang/OutOfMemoryError'> (0x000000008103be40) thrown at [D:\re\workspace\8-2-build-windows-amd64-cygwin\jdk8u20\1074\hotspot\src\share\vm\gc_interface/collectedHeap.inline.hpp, line 159]
Event: 1153.662 Thread 0x0000000018df3000 Exception <a 'java/lang/OutOfMemoryError'> (0x000000008103bff0) thrown at [D:\re\workspace\8-2-build-windows-amd64-cygwin\jdk8u20\1074\hotspot\src\share\vm\gc_interface/collectedHeap.inline.hpp, line 159]
Event: 1153.662 Thread 0x0000000018df3000 Exception <a 'java/lang/OutOfMemoryError'> (0x000000008103bff0) thrown at [D:\re\workspace\8-2-build-windows-amd64-cygwin\jdk8u20\1074\hotspot\src\share\vm\oops\instanceKlass.cpp, line 920]
Event: 1158.980 Thread 0x000000001a372800 Exception <a 'java/lang/OutOfMemoryError'> (0x000000008103be40) thrown at [D:\re\workspace\8-2-build-windows-amd64-cygwin\jdk8u20\1074\hotspot\src\share\vm\prims\jvm.cpp, line 1279]
Event: 1158.980 Thread 0x000000001a372800 Exception <a 'java/lang/OutOfMemoryError'> (0x000000008103be40) thrown at [D:\re\workspace\8-2-build-windows-amd64-cygwin\jdk8u20\1074\hotspot\src\share\vm\prims\jvm.cpp, line 1279]

Events (10 events):
Event: 1158.980 Thread 0x000000001a372800 DEOPT PACKING pc=0x0000000002e73784 sp=0x000000001ac7ee40
Event: 1158.980 Thread 0x000000001a372800 DEOPT UNPACKING pc=0x0000000002b975bf sp=0x000000001ac7ec18 mode 1
Event: 1158.980 Executing VM operation: RevokeBias
Event: 1158.981 Executing VM operation: RevokeBias done
Event: 1158.981 loading class java/lang/Throwable$WrappedPrintStream
Event: 1158.984 loading class java/lang/Throwable$PrintStreamOrWriter
Event: 1158.984 loading class java/lang/Throwable$PrintStreamOrWriter done
Event: 1158.984 loading class java/lang/Throwable$WrappedPrintStream done
Event: 1158.988 Thread 0x0000000018ec6800 flushing nmethod 0x0000000002c52bd0
Event: 1158.989 Thread 0x0000000018ec6800 flushing nmethod 0x0000000002ca1510


Dynamic libraries:
0x000000013fb50000 - 0x000000013fb84000 	C:\Program Files\Java\jdk1.8.0_20\bin\java.exe
0x0000000076d80000 - 0x0000000076f29000 	C:\Windows\SYSTEM32\ntdll.dll
0x0000000076c60000 - 0x0000000076d7f000 	C:\Windows\system32\kernel32.dll
0x000007fefcdf0000 - 0x000007fefce5c000 	C:\Windows\system32\KERNELBASE.dll
0x00000000748c0000 - 0x0000000074947000 	C:\Windows\System32\SYSFER.DLL
0x000007fefd230000 - 0x000007fefd30b000 	C:\Windows\system32\ADVAPI32.dll
0x000007fefd7e0000 - 0x000007fefd87f000 	C:\Windows\system32\msvcrt.dll
0x000007fefd880000 - 0x000007fefd89f000 	C:\Windows\SYSTEM32\sechost.dll
0x000007fefde80000 - 0x000007fefdfad000 	C:\Windows\system32\RPCRT4.dll
0x0000000076b60000 - 0x0000000076c5a000 	C:\Windows\system32\USER32.dll
0x000007fefe190000 - 0x000007fefe1f7000 	C:\Windows\system32\GDI32.dll
0x000007fefdbc0000 - 0x000007fefdbce000 	C:\Windows\system32\LPK.dll
0x000007fefefc0000 - 0x000007feff089000 	C:\Windows\system32\USP10.dll
0x000007fefb9f0000 - 0x000007fefbbe4000 	C:\Windows\WinSxS\amd64_microsoft.windows.common-controls_6595b64144ccf1df_6.0.7601.17514_none_fa396087175ac9ac\COMCTL32.dll
0x000007fefd8a0000 - 0x000007fefd911000 	C:\Windows\system32\SHLWAPI.dll
0x000007fefe200000 - 0x000007fefe22e000 	C:\Windows\system32\IMM32.DLL
0x000007fefda90000 - 0x000007fefdb99000 	C:\Windows\system32\MSCTF.dll
0x0000000077150000 - 0x0000000077222000 	C:\Program Files\Java\jdk1.8.0_20\jre\bin\msvcr100.dll
0x000000006fd30000 - 0x0000000070588000 	C:\Program Files\Java\jdk1.8.0_20\jre\bin\server\jvm.dll
0x000007fefbf80000 - 0x000007fefbf89000 	C:\Windows\system32\WSOCK32.dll
0x000007fefdd50000 - 0x000007fefdd9d000 	C:\Windows\system32\WS2_32.dll
0x000007fefd5c0000 - 0x000007fefd5c8000 	C:\Windows\system32\NSI.dll
0x000007fefa810000 - 0x000007fefa84b000 	C:\Windows\system32\WINMM.dll
0x0000000076f40000 - 0x0000000076f47000 	C:\Windows\system32\PSAPI.DLL
0x000000005c0d0000 - 0x000000005c0df000 	C:\Program Files\Java\jdk1.8.0_20\jre\bin\verify.dll
0x0000000050da0000 - 0x0000000050dc8000 	C:\Program Files\Java\jdk1.8.0_20\jre\bin\java.dll
0x0000000050010000 - 0x0000000050045000 	C:\Program Files\Java\jdk1.8.0_20\jre\bin\jdwp.dll
0x000000005c0e0000 - 0x000000005c0e8000 	C:\Program Files\Java\jdk1.8.0_20\jre\bin\npt.dll
0x0000000051670000 - 0x0000000051693000 	C:\Program Files\Java\jdk1.8.0_20\jre\bin\instrument.dll
0x0000000052350000 - 0x0000000052366000 	C:\Program Files\Java\jdk1.8.0_20\jre\bin\zip.dll
0x000007fefe230000 - 0x000007fefefb8000 	C:\Windows\system32\SHELL32.dll
0x000007fefd5d0000 - 0x000007fefd7d3000 	C:\Windows\system32\ole32.dll
0x000007fefcb90000 - 0x000007fefcb9f000 	C:\Windows\system32\profapi.dll
0x000000005bbe0000 - 0x000000005bbe9000 	C:\Program Files\Java\jdk1.8.0_20\jre\bin\dt_socket.dll
0x000007fefc370000 - 0x000007fefc3c5000 	C:\Windows\system32\mswsock.dll
0x000007fefb820000 - 0x000007fefb827000 	C:\Windows\System32\wshtcpip.dll
0x000000006c940000 - 0x000000006cad8000 	C:\Program Files\Java\jdk1.8.0_20\jre\bin\awt.dll
0x000007fefdda0000 - 0x000007fefde77000 	C:\Windows\system32\OLEAUT32.dll
0x000007fefb1e0000 - 0x000007fefb236000 	C:\Windows\system32\uxtheme.dll
0x000007fefb560000 - 0x000007fefb578000 	C:\Windows\system32\dwmapi.dll
0x000007fefca30000 - 0x000007fefca3f000 	C:\Windows\system32\CRYPTBASE.dll
0x0000000077100000 - 0x0000000077147000 	C:\Program Files\Java\jdk1.8.0_20\jre\bin\fontmanager.dll
0x0000000050d00000 - 0x0000000050d1a000 	C:\Program Files\Java\jdk1.8.0_20\jre\bin\net.dll
0x000007fefc360000 - 0x000007fefc367000 	C:\Windows\System32\wship6.dll
0x00000000502e0000 - 0x00000000502f1000 	C:\Program Files\Java\jdk1.8.0_20\jre\bin\nio.dll
0x0000000070ad0000 - 0x0000000070b11000 	C:\Program Files\Java\jdk1.8.0_20\jre\bin\t2k.dll
0x000007fef6300000 - 0x000007fef633f000 	C:\Program Files\WIDCOMM\Bluetooth Software\btmmhook.dll
0x000007fefdcb0000 - 0x000007fefdd49000 	C:\Windows\system32\CLBCatQ.DLL
0x000007fefaa10000 - 0x000007fefab71000 	C:\Windows\system32\WindowsCodecs.dll
0x000007fefc9d0000 - 0x000007fefca27000 	C:\Windows\system32\apphelp.dll
0x000007fef4350000 - 0x000007fef438f000 	C:\Users\scacoveanu\AppData\Local\Microsoft\SkyDrive\17.0.4035.0328\amd64\SkyDriveShell64.dll
0x000007fef42a0000 - 0x000007fef4347000 	C:\Users\scacoveanu\AppData\Local\Microsoft\SkyDrive\17.0.4035.0328\amd64\MSVCP110.dll
0x000007fef41d0000 - 0x000007fef429e000 	C:\Users\scacoveanu\AppData\Local\Microsoft\SkyDrive\17.0.4035.0328\amd64\MSVCR110.dll
0x000007fefbf70000 - 0x000007fefbf7c000 	C:\Windows\system32\VERSION.dll
0x000007fefcff0000 - 0x000007fefd221000 	C:\Windows\system32\WININET.dll
0x000007fefcbd0000 - 0x000007fefcbd4000 	C:\Windows\system32\api-ms-win-downlevel-user32-l1-1-0.dll
0x000007fefcc40000 - 0x000007fefcc44000 	C:\Windows\system32\api-ms-win-downlevel-shlwapi-l1-1-0.dll
0x000007fefcc50000 - 0x000007fefcc54000 	C:\Windows\system32\api-ms-win-downlevel-version-l1-1-0.dll
0x000007fefcbb0000 - 0x000007fefcbb3000 	C:\Windows\system32\api-ms-win-downlevel-normaliz-l1-1-0.dll
0x0000000076f50000 - 0x0000000076f53000 	C:\Windows\system32\normaliz.DLL
0x000007fefd310000 - 0x000007fefd5bb000 	C:\Windows\system32\iertutil.dll
0x000007fefcbc0000 - 0x000007fefcbc5000 	C:\Windows\system32\api-ms-win-downlevel-advapi32-l1-1-0.dll
0x000007fefcbe0000 - 0x000007fefcbfe000 	C:\Windows\system32\USERENV.dll
0x000000006ea10000 - 0x000000006ea26000 	C:\Program Files\Common Files\TortoiseOverlays\TortoiseOverlays.dll
0x000000006e9f0000 - 0x000000006ea07000 	C:\Program Files\TortoiseSVN\bin\TortoiseStub.dll
0x000000006e970000 - 0x000000006e9ed000 	C:\Program Files\TortoiseSVN\bin\TortoiseSVN.dll
0x000007fef3d50000 - 0x000007fef41c1000 	C:\Program Files\TortoiseSVN\bin\libsvn_tsvn.dll
0x000000006e940000 - 0x000000006e96e000 	C:\Program Files\TortoiseSVN\bin\libapr_tsvn.dll
0x000000006e8f0000 - 0x000000006e935000 	C:\Program Files\TortoiseSVN\bin\libaprutil_tsvn.dll
0x000007fefdbd0000 - 0x000007fefdc22000 	C:\Windows\system32\WLDAP32.dll
0x000007fef5140000 - 0x000007fef5151000 	C:\Program Files\TortoiseSVN\bin\intl3_tsvn.dll
0x000007fef3d30000 - 0x000007fef3d49000 	C:\Program Files\TortoiseSVN\bin\libsasl.dll
0x000007fefc5c0000 - 0x000007fefc5cb000 	C:\Windows\system32\Secur32.dll
0x000007fefc9a0000 - 0x000007fefc9c5000 	C:\Windows\system32\SSPICLI.DLL
0x000007fefcc80000 - 0x000007fefcdec000 	C:\Windows\system32\CRYPT32.dll
0x000007fefcba0000 - 0x000007fefcbaf000 	C:\Windows\system32\MSASN1.dll
0x000007fef3d00000 - 0x000007fef3d2b000 	C:\Users\scacoveanu\AppData\Roaming\Dropbox\bin\DropboxExt64.24.dll
0x000007fef6c50000 - 0x000007fef6d75000 	C:\Windows\system32\dbghelp.dll
0x0000000073450000 - 0x0000000073523000 	C:\Windows\WinSxS\amd64_microsoft.vc90.crt_1fc8b3b9a1e18e3b_9.0.30729.6161_none_08e61857a83bc251\MSVCP90.dll
0x0000000073bd0000 - 0x0000000073c73000 	C:\Windows\WinSxS\amd64_microsoft.vc90.crt_1fc8b3b9a1e18e3b_9.0.30729.6161_none_08e61857a83bc251\MSVCR90.dll
0x000007fef86f0000 - 0x000007fef8790000 	C:\Windows\WinSxS\amd64_microsoft.windows.common-controls_6595b64144ccf1df_5.82.7601.18201_none_a4d3b9377117c3df\comctl32.dll
0x000007fefdfb0000 - 0x000007fefe187000 	C:\Windows\system32\SETUPAPI.dll
0x000007fefcf10000 - 0x000007fefcf46000 	C:\Windows\system32\CFGMGR32.dll
0x000007fefcc60000 - 0x000007fefcc7a000 	C:\Windows\system32\DEVOBJ.dll
0x000007fefac60000 - 0x000007fefad8c000 	C:\Windows\system32\propsys.dll
0x000007fefb730000 - 0x000007fefb75d000 	C:\Windows\system32\ntmarta.dll
0x000007fef2af0000 - 0x000007fef2c8c000 	C:\Windows\system32\NetworkExplorer.dll
0x000007fef3b40000 - 0x000007fef3b74000 	C:\Windows\System32\shdocvw.dll
0x000007fef9a30000 - 0x000007fef9a3b000 	C:\Windows\system32\slc.dll
0x000007fef51b0000 - 0x000007fef51c8000 	C:\Windows\system32\MPR.dll
0x000007fef51a0000 - 0x000007fef51aa000 	C:\Windows\System32\drprov.dll
0x000007fefc180000 - 0x000007fefc1bd000 	C:\Windows\System32\WINSTA.dll
0x000007fef5170000 - 0x000007fef5192000 	C:\Windows\System32\ntlanman.dll
0x000007fef5120000 - 0x000007fef513d000 	C:\Windows\System32\davclnt.dll
0x000007fef5160000 - 0x000007fef516a000 	C:\Windows\System32\DAVHLPR.dll
0x000000006eb50000 - 0x000000006eb62000 	C:\Windows\system32\snacnp.dll
0x000007fefbf20000 - 0x000007fefbf35000 	C:\Windows\system32\wkscli.dll
0x000007fef6200000 - 0x000007fef620f000 	C:\Windows\system32\cscapi.dll
0x000007fefbf40000 - 0x000007fefbf4c000 	C:\Windows\system32\netutils.dll
0x000007fee9c10000 - 0x000007fee9e81000 	C:\Windows\system32\wpdshext.dll
0x000007fefafc0000 - 0x000007fefb1d6000 	C:\Windows\WinSxS\amd64_microsoft.windows.gdiplus_6595b64144ccf1df_1.1.7601.18455_none_2b283fd671e9bf4d\gdiplus.dll
0x000007fefa190000 - 0x000007fefa24d000 	C:\Windows\system32\PortableDeviceApi.dll
0x000007fefcc00000 - 0x000007fefcc3a000 	C:\Windows\system32\WINTRUST.dll
0x000007fef3120000 - 0x000007fef3155000 	C:\Windows\system32\EhStorShell.dll
0x000007fef30b0000 - 0x000007fef30d7000 	C:\Windows\system32\EhStorAPI.dll
0x000007fefa3f0000 - 0x000007fefa414000 	C:\Program Files\WIDCOMM\Bluetooth Software\btkeyind.dll
0x000000005c120000 - 0x000000005c144000 	C:\Program Files\Java\jdk1.8.0_20\jre\bin\sunec.dll
0x000007fefc3d0000 - 0x000007fefc3e7000 	C:\Windows\system32\CRYPTSP.dll
0x000007fefc090000 - 0x000007fefc0d7000 	C:\Windows\system32\rsaenh.dll
0x000007fef9990000 - 0x000007fef99b7000 	C:\Windows\system32\IPHLPAPI.DLL
0x000007fef9980000 - 0x000007fef998b000 	C:\Windows\system32\WINNSI.DLL
0x000007fef97a0000 - 0x000007fef97b8000 	C:\Windows\system32\dhcpcsvc.DLL
0x000007fef9780000 - 0x000007fef9791000 	C:\Windows\system32\dhcpcsvc6.DLL
0x000007fef9b40000 - 0x000007fef9b55000 	C:\Windows\system32\NLAapi.dll
0x000007fef7390000 - 0x000007fef73a5000 	C:\Windows\system32\napinsp.dll
0x000007fef7330000 - 0x000007fef7349000 	C:\Windows\system32\pnrpnsp.dll
0x000007fefc1f0000 - 0x000007fefc24b000 	C:\Windows\system32\DNSAPI.dll
0x000007fef7320000 - 0x000007fef732b000 	C:\Windows\System32\winrnr.dll
0x000007fef72f0000 - 0x000007fef731f000 	C:\Program Files\Common Files\Microsoft Shared\Windows Live\WLIDNSP.DLL
0x000007fef72e0000 - 0x000007fef72f0000 	C:\Windows\system32\wshbth.dll
0x000007fef72d0000 - 0x000007fef72d8000 	C:\Windows\system32\rasadhlp.dll
0x000007fef97d0000 - 0x000007fef9823000 	C:\Windows\System32\fwpuclnt.dll
0x000007feed2c0000 - 0x000007feed4c7000 	C:\Program Files (x86)\YourKit Java Profiler 2014 build 14100\bin\win64\yjpagent.dll

VM Arguments:
jvm_args: -agentlib:jdwp=transport=dt_socket,address=127.0.0.1:56127,suspend=y,server=n -Xmx2g -javaagent:C:\Users\scacoveanu\.IntelliJIdea13\system\groovyHotSwap\gragent.jar -Dfile.encoding=UTF-8 
java_command: com.ingenuity.temp.apiupload.MainUI
java_class_path (initial): C:\Program Files\Java\jdk1.8.0_20\jre\lib\charsets.jar;C:\Program Files\Java\jdk1.8.0_20\jre\lib\deploy.jar;C:\Program Files\Java\jdk1.8.0_20\jre\lib\javaws.jar;C:\Program Files\Java\jdk1.8.0_20\jre\lib\jce.jar;C:\Program Files\Java\jdk1.8.0_20\jre\lib\jfr.jar;C:\Program Files\Java\jdk1.8.0_20\jre\lib\jfxswt.jar;C:\Program Files\Java\jdk1.8.0_20\jre\lib\jsse.jar;C:\Program Files\Java\jdk1.8.0_20\jre\lib\management-agent.jar;C:\Program Files\Java\jdk1.8.0_20\jre\lib\plugin.jar;C:\Program Files\Java\jdk1.8.0_20\jre\lib\resources.jar;C:\Program Files\Java\jdk1.8.0_20\jre\lib\rt.jar;C:\Program Files\Java\jdk1.8.0_20\jre\lib\ext\access-bridge-64.jar;C:\Program Files\Java\jdk1.8.0_20\jre\lib\ext\cldrdata.jar;C:\Program Files\Java\jdk1.8.0_20\jre\lib\ext\dnsns.jar;C:\Program Files\Java\jdk1.8.0_20\jre\lib\ext\jaccess.jar;C:\Program Files\Java\jdk1.8.0_20\jre\lib\ext\jfxrt.jar;C:\Program Files\Java\jdk1.8.0_20\jre\lib\ext\localedata.jar;C:\Program Files\Java\jdk1.8.0_20\jre\lib\ext\nashorn.jar;C:\Program Files\Java\jdk1.8.0_20\jre\lib\ext\sunec.jar;C:\Program Files\Java\jdk1.8.0_20\jre\lib\ext\sunjce_provider.jar;C:\Program Files\Java\jdk1.8.0_20\jre\lib\ext\sunmscapi.jar;C:\Program Files\Java\jdk1.8.0_20\jre\lib\ext\sunpkcs11.jar;C:\Program Files\Java\jdk1.8.0_20\jre\lib\ext\zipfs.jar;C:\workspace\makeitso\apiupload\target\classes;C:\Users\scacoveanu\.m2\repository\commons-httpclient\commons-httpclient\3.1\commons-httpclient-3.1.jar;C:\Users\scacoveanu\.m2\repository\commons-logging\commons-logging\1.1\commons-logging-1.1.jar;C:\Users\scacoveanu\.m2\repository\commons-codec\commons-codec\1.3\commons-codec-1.3.jar;C:\Users\scacoveanu\.m2\repository\commons-io\commons-io\1.2\commons-io-1.2.jar;C:\Users\scacoveanu\.m2\repository\log4j\log4j\1.2.16\log4j-1.2.16.jar;C:\Users\scacoveanu\.m2\repository\logkit\logkit\1.0.1\logkit-1.0.1.jar;C:\Users\scacoveanu\.m2\repository\avalon-framework\avalon-framework\4.1.3\avalon-framework-4.1.3.jar;C:\Users\sca
Launcher Type: SUN_STANDARD

Environment Variables:
JAVA_HOME=C:\Program Files (x86)\Java\jdk1.6.0_45
PATH=C:\Python27\;C:\ProgramData\Oracle\Java\javapath;C:\app\scacoveanu\product\11.2.0\dbhome_1\bin;C:\Program Files\Common Files\Microsoft Shared\Windows Live;C:\Program Files (x86)\Common Files\Microsoft Shared\Windows Live;C:\Program Files (x86)\Java\jdk1.6.0_45\bin;C:\Program Files (x86)\RSA SecurID Token Common;C:\Windows\system32;C:\Windows;C:\Windows\System32\Wbem;C:\Windows\System32\WindowsPowerShell\v1.0\;C:\Program Files\Dell\Dell Data Protection\Access\Advanced\Wave\Gemalto\Access Client\v5\;C:\Program Files (x86)\NTRU Cryptosystems\NTRU TCG Software Stack\bin\;C:\Program Files\NTRU Cryptosystems\NTRU TCG Software Stack\bin\;C:\Program Files\Intel\WiFi\bin\;C:\Program Files\Common Files\Intel\WirelessCommon\;C:\Program Files (x86)\Intel\OpenCL SDK\2.0\bin\x86;C:\Program Files (x86)\Intel\OpenCL SDK\2.0\bin\x64;C:\Program Files\TortoiseSVN\bin;C:\Program Files (x86)\Subversion\bin;C:\Program Files (x86)\apache-maven-3.0.4\bin;C:\Program Files (x86)\Windows Live\Shared;C:\Program Files\WIDCOMM\Bluetooth Software\;C:\Program Files\WIDCOMM\Bluetooth Software\syswow64;C:\Ruby200-x64\bin
USERNAME=scacoveanu
OS=Windows_NT
PROCESSOR_IDENTIFIER=Intel64 Family 6 Model 58 Stepping 9, GenuineIntel



---------------  S Y S T E M  ---------------

OS: Windows 7 , 64 bit Build 7601 Service Pack 1

CPU:total 4 (2 cores per cpu, 2 threads per core) family 6 model 58 stepping 9, cmov, cx8, fxsr, mmx, sse, sse2, sse3, ssse3, sse4.1, sse4.2, popcnt, avx, aes, clmul, erms, ht, tsc, tscinvbit, tscinv

Memory: 4k page, physical 8269900k(549520k free), swap 16537936k(4334204k free)

vm_info: Java HotSpot(TM) 64-Bit Server VM (25.20-b23) for windows-amd64 JRE (1.8.0_20-b26), built on Jul 30 2014 13:51:23 by "java_re" with MS VC++ 10.0 (VS2010)

time: Tue Sep 09 11:05:29 2014
elapsed time: 1159 seconds (0d 0h 19m 19s)

