2014-08-29 12:32:33,535 INFO [SwingWorker-pool-2-thread-2] com.ingenuity.temp.apiupload.Util.writeToFile(Util.java:47) - writing to file: output.txt
2014-08-29 12:32:33,535 INFO [SwingWorker-pool-2-thread-2] com.ingenuity.temp.apiupload.Util.writeToFile(Util.java:47) - writing to file: output.txt
2014-08-29 12:32:33,550 INFO [SwingWorker-pool-2-thread-2] com.ingenuity.temp.apiupload.MainUI.executeUpload(MainUI.java:560) - POST request sent
2014-08-29 12:32:33,550 INFO [SwingWorker-pool-2-thread-2] com.ingenuity.temp.apiupload.MainUI.executeUpload(MainUI.java:560) - POST request sent
2014-08-29 12:32:33,550 INFO [SwingWorker-pool-2-thread-2] com.ingenuity.temp.apiupload.MainUI.executeUpload(MainUI.java:561) - ------------------------------------------------------------------------------
2014-08-29 12:32:33,550 INFO [SwingWorker-pool-2-thread-2] com.ingenuity.temp.apiupload.MainUI.executeUpload(MainUI.java:561) - ------------------------------------------------------------------------------
2014-08-29 12:32:56,721 INFO [SwingWorker-pool-2-thread-3] com.ingenuity.temp.apiupload.MainUI.executeUpload(MainUI.java:483) - executing data upload to server: https://analysis-stable.ingenuity.com
2014-08-29 12:32:56,721 INFO [SwingWorker-pool-2-thread-3] com.ingenuity.temp.apiupload.MainUI.executeUpload(MainUI.java:483) - executing data upload to server: https://analysis-stable.ingenuity.com
2014-08-29 12:32:56,722 INFO [SwingWorker-pool-2-thread-3] com.ingenuity.temp.apiupload.MainUI.executeUpload(MainUI.java:485) - logging in
2014-08-29 12:32:56,722 INFO [SwingWorker-pool-2-thread-3] com.ingenuity.temp.apiupload.MainUI.executeUpload(MainUI.java:485) - logging in
2014-08-29 12:32:56,722 INFO [SwingWorker-pool-2-thread-3] com.ingenuity.temp.apiupload.MainUI.executeUpload(MainUI.java:488) - using username scacoveanu@ingenuity.com and password <redacted>
2014-08-29 12:32:56,722 INFO [SwingWorker-pool-2-thread-3] com.ingenuity.temp.apiupload.MainUI.executeUpload(MainUI.java:488) - using username scacoveanu@ingenuity.com and password <redacted>
2014-08-29 12:32:56,739 INFO [SwingWorker-pool-2-thread-3] com.ingenuity.temp.apiupload.ApiLogin.getClient(ApiLogin.java:41) - execute a get to the server
2014-08-29 12:32:56,739 INFO [SwingWorker-pool-2-thread-3] com.ingenuity.temp.apiupload.ApiLogin.getClient(ApiLogin.java:41) - execute a get to the server
2014-08-29 12:33:00,619 INFO [SwingWorker-pool-2-thread-3] com.ingenuity.temp.apiupload.ApiLogin.getClient(ApiLogin.java:49) - check if we are redirected
2014-08-29 12:33:00,619 INFO [SwingWorker-pool-2-thread-3] com.ingenuity.temp.apiupload.ApiLogin.getClient(ApiLogin.java:49) - check if we are redirected
2014-08-29 12:33:00,621 INFO [SwingWorker-pool-2-thread-3] com.ingenuity.temp.apiupload.ApiLogin.getClient(ApiLogin.java:60) - get response body and close
2014-08-29 12:33:00,621 INFO [SwingWorker-pool-2-thread-3] com.ingenuity.temp.apiupload.ApiLogin.getClient(ApiLogin.java:60) - get response body and close
2014-08-29 12:33:00,842 INFO [SwingWorker-pool-2-thread-3] com.ingenuity.temp.apiupload.ApiLogin.getClient(ApiLogin.java:64) - server address: https://analysis-stable.ingenuity.com
2014-08-29 12:33:00,842 INFO [SwingWorker-pool-2-thread-3] com.ingenuity.temp.apiupload.ApiLogin.getClient(ApiLogin.java:64) - server address: https://analysis-stable.ingenuity.com
2014-08-29 12:33:00,843 INFO [SwingWorker-pool-2-thread-3] com.ingenuity.temp.apiupload.ApiLogin.getClient(ApiLogin.java:71) - final get address: https://apps-stable.ingenuity.com/ingsso/login?service=https%3A%2F%2Fanalysis-stable.ingenuity.com%2Fpa%2Fj_spring_cas_security_check&originalUrl=https%3A%2F%2Fanalysis-stable.ingenuity.com%2Fpa
2014-08-29 12:33:00,843 INFO [SwingWorker-pool-2-thread-3] com.ingenuity.temp.apiupload.ApiLogin.getClient(ApiLogin.java:71) - final get address: https://apps-stable.ingenuity.com/ingsso/login?service=https%3A%2F%2Fanalysis-stable.ingenuity.com%2Fpa%2Fj_spring_cas_security_check&originalUrl=https%3A%2F%2Fanalysis-stable.ingenuity.com%2Fpa
2014-08-29 12:33:00,843 INFO [SwingWorker-pool-2-thread-3] com.ingenuity.temp.apiupload.ApiLogin.getClient(ApiLogin.java:75) - build post for login
2014-08-29 12:33:00,843 INFO [SwingWorker-pool-2-thread-3] com.ingenuity.temp.apiupload.ApiLogin.getClient(ApiLogin.java:75) - build post for login
2014-08-29 12:33:01,774 INFO [SwingWorker-pool-2-thread-3] com.ingenuity.temp.apiupload.ApiLogin.getClient(ApiLogin.java:87) - handle redirects
2014-08-29 12:33:01,774 INFO [SwingWorker-pool-2-thread-3] com.ingenuity.temp.apiupload.ApiLogin.getClient(ApiLogin.java:87) - handle redirects
2014-08-29 12:33:04,004 INFO [SwingWorker-pool-2-thread-3] com.ingenuity.temp.apiupload.ApiLogin.getClient(ApiLogin.java:100) - server address: https://analysis-stable.ingenuity.com
2014-08-29 12:33:04,004 INFO [SwingWorker-pool-2-thread-3] com.ingenuity.temp.apiupload.ApiLogin.getClient(ApiLogin.java:100) - server address: https://analysis-stable.ingenuity.com
2014-08-29 12:33:04,005 INFO [SwingWorker-pool-2-thread-3] com.ingenuity.temp.apiupload.ApiLogin.getClient(ApiLogin.java:107) - final post address: https://analysis-stable.ingenuity.com/ipawst/public/ipatest.jsp?email=scacoveanu@ingenuity.com&targetUrl=https://analysis-stable.ingenuity.com/pa/launch/start
2014-08-29 12:33:04,005 INFO [SwingWorker-pool-2-thread-3] com.ingenuity.temp.apiupload.ApiLogin.getClient(ApiLogin.java:107) - final post address: https://analysis-stable.ingenuity.com/ipawst/public/ipatest.jsp?email=scacoveanu@ingenuity.com&targetUrl=https://analysis-stable.ingenuity.com/pa/launch/start
2014-08-29 12:33:04,005 INFO [SwingWorker-pool-2-thread-3] com.ingenuity.temp.apiupload.ApiLogin.getClient(ApiLogin.java:113) - return logged in client
2014-08-29 12:33:04,005 INFO [SwingWorker-pool-2-thread-3] com.ingenuity.temp.apiupload.ApiLogin.getClient(ApiLogin.java:113) - return logged in client
2014-08-29 12:33:04,005 INFO [SwingWorker-pool-2-thread-3] com.ingenuity.temp.apiupload.MainUI.executeUpload(MainUI.java:491) - login executed: true
2014-08-29 12:33:04,005 INFO [SwingWorker-pool-2-thread-3] com.ingenuity.temp.apiupload.MainUI.executeUpload(MainUI.java:491) - login executed: true
2014-08-29 12:33:04,005 INFO [SwingWorker-pool-2-thread-3] com.ingenuity.temp.apiupload.MainUI.executeUpload(MainUI.java:492) - login successful: true
2014-08-29 12:33:04,005 INFO [SwingWorker-pool-2-thread-3] com.ingenuity.temp.apiupload.MainUI.executeUpload(MainUI.java:492) - login successful: true
2014-08-29 12:33:04,006 INFO [SwingWorker-pool-2-thread-3] com.ingenuity.temp.apiupload.MainUI.executeUpload(MainUI.java:494) - initializing generic api for server: https://analysis-stable.ingenuity.com
2014-08-29 12:33:04,006 INFO [SwingWorker-pool-2-thread-3] com.ingenuity.temp.apiupload.MainUI.executeUpload(MainUI.java:494) - initializing generic api for server: https://analysis-stable.ingenuity.com
2014-08-29 12:33:04,006 INFO [SwingWorker-pool-2-thread-3] com.ingenuity.temp.apiupload.MainUI.executeUpload(MainUI.java:498) - using API path: /pa/api/v1/dataupload
2014-08-29 12:33:04,006 INFO [SwingWorker-pool-2-thread-3] com.ingenuity.temp.apiupload.MainUI.executeUpload(MainUI.java:498) - using API path: /pa/api/v1/dataupload
2014-08-29 12:33:04,006 INFO [SwingWorker-pool-2-thread-3] com.ingenuity.temp.apiupload.MainUI.executeUpload(MainUI.java:506) - uploading to project: upload200k9
2014-08-29 12:33:04,006 INFO [SwingWorker-pool-2-thread-3] com.ingenuity.temp.apiupload.MainUI.executeUpload(MainUI.java:506) - uploading to project: upload200k9
2014-08-29 12:33:04,006 INFO [SwingWorker-pool-2-thread-3] com.ingenuity.temp.apiupload.MainUI.executeUpload(MainUI.java:508) - ipaview is: projectmanager
2014-08-29 12:33:04,006 INFO [SwingWorker-pool-2-thread-3] com.ingenuity.temp.apiupload.MainUI.executeUpload(MainUI.java:508) - ipaview is: projectmanager
2014-08-29 12:33:04,006 INFO [SwingWorker-pool-2-thread-3] com.ingenuity.temp.apiupload.MainUI.executeUpload(MainUI.java:510) - opening IPA after post request: true
2014-08-29 12:33:04,006 INFO [SwingWorker-pool-2-thread-3] com.ingenuity.temp.apiupload.MainUI.executeUpload(MainUI.java:510) - opening IPA after post request: true
2014-08-29 12:33:04,006 INFO [SwingWorker-pool-2-thread-3] com.ingenuity.temp.apiupload.MainUI.executeUpload(MainUI.java:516) - uploading dataset with name: MyTestDataset
2014-08-29 12:33:04,006 INFO [SwingWorker-pool-2-thread-3] com.ingenuity.temp.apiupload.MainUI.executeUpload(MainUI.java:516) - uploading dataset with name: MyTestDataset
2014-08-29 12:33:04,007 INFO [SwingWorker-pool-2-thread-3] com.ingenuity.temp.apiupload.MainUI.executeUpload(MainUI.java:518) - gene ID type is: ensembl
2014-08-29 12:33:04,007 INFO [SwingWorker-pool-2-thread-3] com.ingenuity.temp.apiupload.MainUI.executeUpload(MainUI.java:518) - gene ID type is: ensembl
2014-08-29 12:33:04,007 INFO [SwingWorker-pool-2-thread-3] com.ingenuity.temp.apiupload.MainUI.executeUpload(MainUI.java:521) - building POST data
2014-08-29 12:33:04,007 INFO [SwingWorker-pool-2-thread-3] com.ingenuity.temp.apiupload.MainUI.executeUpload(MainUI.java:521) - building POST data
2014-08-29 12:33:04,007 INFO [SwingWorker-pool-2-thread-3] com.ingenuity.temp.apiupload.MainUI.executeUpload(MainUI.java:527) - using following table column to POST field mapping:
2014-08-29 12:33:04,007 INFO [SwingWorker-pool-2-thread-3] com.ingenuity.temp.apiupload.MainUI.executeUpload(MainUI.java:527) - using following table column to POST field mapping:
2014-08-29 12:33:04,007 INFO [SwingWorker-pool-2-thread-3] com.ingenuity.temp.apiupload.MainUI.executeUpload(MainUI.java:529) - 	Ensembl ID ---> geneid
2014-08-29 12:33:04,007 INFO [SwingWorker-pool-2-thread-3] com.ingenuity.temp.apiupload.MainUI.executeUpload(MainUI.java:529) - 	Ensembl ID ---> geneid
2014-08-29 12:33:04,007 INFO [SwingWorker-pool-2-thread-3] com.ingenuity.temp.apiupload.MainUI.executeUpload(MainUI.java:529) - 	Symbol ---> 
2014-08-29 12:33:04,007 INFO [SwingWorker-pool-2-thread-3] com.ingenuity.temp.apiupload.MainUI.executeUpload(MainUI.java:529) - 	Symbol ---> 
2014-08-29 12:33:04,007 INFO [SwingWorker-pool-2-thread-3] com.ingenuity.temp.apiupload.MainUI.executeUpload(MainUI.java:529) - 	1 P-value ---> expvalue
2014-08-29 12:33:04,007 INFO [SwingWorker-pool-2-thread-3] com.ingenuity.temp.apiupload.MainUI.executeUpload(MainUI.java:529) - 	1 P-value ---> expvalue
2014-08-29 12:33:04,007 INFO [SwingWorker-pool-2-thread-3] com.ingenuity.temp.apiupload.MainUI.executeUpload(MainUI.java:529) - 	1 Fold change ---> expval2
2014-08-29 12:33:04,007 INFO [SwingWorker-pool-2-thread-3] com.ingenuity.temp.apiupload.MainUI.executeUpload(MainUI.java:529) - 	1 Fold change ---> expval2
2014-08-29 12:33:04,008 INFO [SwingWorker-pool-2-thread-3] com.ingenuity.temp.apiupload.MainUI.executeUpload(MainUI.java:529) - 	1 - RPKM ---> expval3
2014-08-29 12:33:04,008 INFO [SwingWorker-pool-2-thread-3] com.ingenuity.temp.apiupload.MainUI.executeUpload(MainUI.java:529) - 	1 - RPKM ---> expval3
2014-08-29 12:33:04,008 INFO [SwingWorker-pool-2-thread-3] com.ingenuity.temp.apiupload.MainUI.buildPOSTData(MainUI.java:578) - building POST data
2014-08-29 12:33:04,008 INFO [SwingWorker-pool-2-thread-3] com.ingenuity.temp.apiupload.MainUI.buildPOSTData(MainUI.java:578) - building POST data
2014-08-29 12:33:04,011 INFO [SwingWorker-pool-2-thread-3] com.ingenuity.temp.apiupload.DatasetReader.getTable(DatasetReader.java:18) - reading file C:\Users\scacoveanu\Documents\200k datasets\200,000 rows 1 Obs 3 Ranks dataset_no formulas.txt
2014-08-29 12:33:04,011 INFO [SwingWorker-pool-2-thread-3] com.ingenuity.temp.apiupload.DatasetReader.getTable(DatasetReader.java:18) - reading file C:\Users\scacoveanu\Documents\200k datasets\200,000 rows 1 Obs 3 Ranks dataset_no formulas.txt
2014-08-29 12:33:04,012 INFO [SwingWorker-pool-2-thread-3] com.ingenuity.temp.apiupload.DatasetReader.getTable(DatasetReader.java:22) - file size in bytes: 20043301
2014-08-29 12:33:04,012 INFO [SwingWorker-pool-2-thread-3] com.ingenuity.temp.apiupload.DatasetReader.getTable(DatasetReader.java:22) - file size in bytes: 20043301
2014-08-29 12:33:04,012 INFO [SwingWorker-pool-2-thread-3] com.ingenuity.temp.apiupload.DatasetReader.getTable(DatasetReader.java:23) - file size in MB: 20.043301
2014-08-29 12:33:04,012 INFO [SwingWorker-pool-2-thread-3] com.ingenuity.temp.apiupload.DatasetReader.getTable(DatasetReader.java:23) - file size in MB: 20.043301
2014-08-29 12:33:04,898 INFO [SwingWorker-pool-2-thread-3] com.ingenuity.temp.apiupload.DatasetReader.getTable(DatasetReader.java:39) - read 200000 lines (including header)
2014-08-29 12:33:04,898 INFO [SwingWorker-pool-2-thread-3] com.ingenuity.temp.apiupload.DatasetReader.getTable(DatasetReader.java:39) - read 200000 lines (including header)
2014-08-29 12:33:04,898 INFO [SwingWorker-pool-2-thread-3] com.ingenuity.temp.apiupload.MainUI.buildPOSTData(MainUI.java:584) - setting generic parameters (projectname, ipaview, datasetname, geneidtype)
2014-08-29 12:33:04,898 INFO [SwingWorker-pool-2-thread-3] com.ingenuity.temp.apiupload.MainUI.buildPOSTData(MainUI.java:584) - setting generic parameters (projectname, ipaview, datasetname, geneidtype)
2014-08-29 12:33:04,898 INFO [SwingWorker-pool-2-thread-3] com.ingenuity.temp.apiupload.MainUI.buildPOSTData(MainUI.java:599) - setting data parameters
2014-08-29 12:33:04,898 INFO [SwingWorker-pool-2-thread-3] com.ingenuity.temp.apiupload.MainUI.buildPOSTData(MainUI.java:599) - setting data parameters
2014-08-29 12:33:04,949 INFO [SwingWorker-pool-2-thread-3] com.ingenuity.temp.apiupload.GenericApi.executePost(GenericApi.java:87) - executing POST request at address: https://analysis-stable.ingenuity.com/pa/api/v1/dataupload
2014-08-29 12:33:04,949 INFO [SwingWorker-pool-2-thread-3] com.ingenuity.temp.apiupload.GenericApi.executePost(GenericApi.java:87) - executing POST request at address: https://analysis-stable.ingenuity.com/pa/api/v1/dataupload
2014-08-29 12:33:04,950 INFO [SwingWorker-pool-2-thread-3] com.ingenuity.temp.apiupload.GenericApi.executePost(GenericApi.java:88) - sending 800003 post parameters
2014-08-29 12:33:04,950 INFO [SwingWorker-pool-2-thread-3] com.ingenuity.temp.apiupload.GenericApi.executePost(GenericApi.java:88) - sending 800003 post parameters
2014-08-29 12:33:05,393 INFO [SwingWorker-pool-2-thread-3] com.ingenuity.temp.apiupload.GenericApi.executePost(GenericApi.java:105) - request entity content length in bytes: 12970851
2014-08-29 12:33:05,393 INFO [SwingWorker-pool-2-thread-3] com.ingenuity.temp.apiupload.GenericApi.executePost(GenericApi.java:105) - request entity content length in bytes: 12970851
2014-08-29 12:33:05,786 INFO [SwingWorker-pool-2-thread-3] com.ingenuity.temp.apiupload.GenericApi.executePost(GenericApi.java:106) - request entity content length in MB: 12.970851
2014-08-29 12:33:05,786 INFO [SwingWorker-pool-2-thread-3] com.ingenuity.temp.apiupload.GenericApi.executePost(GenericApi.java:106) - request entity content length in MB: 12.970851
2014-08-29 12:37:58,120 INFO [SwingWorker-pool-2-thread-3] com.ingenuity.temp.apiupload.GenericApi.executePost(GenericApi.java:117) - opening URL https://analysis-stable.ingenuity.com/pa/launch/start?apiId=0 in default internet browser
2014-08-29 12:37:58,120 INFO [SwingWorker-pool-2-thread-3] com.ingenuity.temp.apiupload.GenericApi.executePost(GenericApi.java:117) - opening URL https://analysis-stable.ingenuity.com/pa/launch/start?apiId=0 in default internet browser
2014-08-29 12:37:58,184 INFO [SwingWorker-pool-2-thread-3] com.ingenuity.temp.apiupload.GenericApi.executePost(GenericApi.java:82) - RESULT:

2014-08-29 12:37:58,184 INFO [SwingWorker-pool-2-thread-3] com.ingenuity.temp.apiupload.GenericApi.executePost(GenericApi.java:82) - RESULT:

2014-08-29 12:37:58,185 INFO [SwingWorker-pool-2-thread-3] com.ingenuity.temp.apiupload.Util.writeToFile(Util.java:47) - writing to file: output.txt
2014-08-29 12:37:58,185 INFO [SwingWorker-pool-2-thread-3] com.ingenuity.temp.apiupload.Util.writeToFile(Util.java:47) - writing to file: output.txt
2014-08-29 12:37:58,202 INFO [SwingWorker-pool-2-thread-3] com.ingenuity.temp.apiupload.MainUI.executeUpload(MainUI.java:560) - POST request sent
2014-08-29 12:37:58,202 INFO [SwingWorker-pool-2-thread-3] com.ingenuity.temp.apiupload.MainUI.executeUpload(MainUI.java:560) - POST request sent
2014-08-29 12:37:58,202 INFO [SwingWorker-pool-2-thread-3] com.ingenuity.temp.apiupload.MainUI.executeUpload(MainUI.java:561) - ------------------------------------------------------------------------------
2014-08-29 12:37:58,202 INFO [SwingWorker-pool-2-thread-3] com.ingenuity.temp.apiupload.MainUI.executeUpload(MainUI.java:561) - ------------------------------------------------------------------------------
2014-09-08 10:39:05,346 INFO [main] com.ingenuity.temp.apiupload.MainUI.init(MainUI.java:199) - creating main panel
2014-09-08 10:39:05,346 INFO [main] com.ingenuity.temp.apiupload.MainUI.init(MainUI.java:199) - creating main panel
2014-09-08 10:39:05,561 INFO [main] com.ingenuity.temp.apiupload.MainUI.createEditComponents(MainUI.java:435) - creating edit components
2014-09-08 10:39:05,561 INFO [main] com.ingenuity.temp.apiupload.MainUI.createEditComponents(MainUI.java:435) - creating edit components
2014-09-08 10:39:05,761 INFO [main] com.ingenuity.temp.apiupload.MainUI.initBasicListeners(MainUI.java:244) - initializing listeners
2014-09-08 10:39:05,761 INFO [main] com.ingenuity.temp.apiupload.MainUI.initBasicListeners(MainUI.java:244) - initializing listeners
2014-09-08 10:39:05,774 INFO [main] com.ingenuity.temp.apiupload.MainUI.buildEditPanel(MainUI.java:331) - building edit panel
2014-09-08 10:39:05,774 INFO [main] com.ingenuity.temp.apiupload.MainUI.buildEditPanel(MainUI.java:331) - building edit panel
2014-09-08 10:39:05,777 INFO [main] com.ingenuity.temp.apiupload.MainUI.buildEditPanel(MainUI.java:430) - updating main panel UI
2014-09-08 10:39:05,777 INFO [main] com.ingenuity.temp.apiupload.MainUI.buildEditPanel(MainUI.java:430) - updating main panel UI
2014-09-08 10:39:05,811 INFO [main] com.ingenuity.temp.apiupload.MainUI.init(MainUI.java:230) - UI init done
2014-09-08 10:39:05,811 INFO [main] com.ingenuity.temp.apiupload.MainUI.init(MainUI.java:230) - UI init done
2014-09-08 10:41:16,354 INFO [AWT-EventQueue-0] com.ingenuity.temp.apiupload.MainUI.pickFile(MainUI.java:192) - selected file: C:\Users\scacoveanu\Documents\LPSHepatotoxicityInRats.txt
2014-09-08 10:41:16,354 INFO [AWT-EventQueue-0] com.ingenuity.temp.apiupload.MainUI.pickFile(MainUI.java:192) - selected file: C:\Users\scacoveanu\Documents\LPSHepatotoxicityInRats.txt
2014-09-08 10:41:16,367 INFO [SwingWorker-pool-2-thread-1] com.ingenuity.temp.apiupload.MainUI.loadHeader(MainUI.java:458) - loading table header from file
2014-09-08 10:41:16,367 INFO [SwingWorker-pool-2-thread-1] com.ingenuity.temp.apiupload.MainUI.loadHeader(MainUI.java:458) - loading table header from file
2014-09-08 10:41:16,373 INFO [SwingWorker-pool-2-thread-1] com.ingenuity.temp.apiupload.MainUI.loadHeader(MainUI.java:473) - loaded 7 columns
2014-09-08 10:41:16,373 INFO [SwingWorker-pool-2-thread-1] com.ingenuity.temp.apiupload.MainUI.loadHeader(MainUI.java:473) - loaded 7 columns
2014-09-08 10:41:16,373 INFO [SwingWorker-pool-2-thread-1] com.ingenuity.temp.apiupload.MainUI.loadHeader(MainUI.java:474) - loaded columns: [Gene ID, IV_LO_A, IV_HI_A, IV_LO_B, IV_HI_B, IV_LO_C, IV_HI_C]
2014-09-08 10:41:16,373 INFO [SwingWorker-pool-2-thread-1] com.ingenuity.temp.apiupload.MainUI.loadHeader(MainUI.java:474) - loaded columns: [Gene ID, IV_LO_A, IV_HI_A, IV_LO_B, IV_HI_B, IV_LO_C, IV_HI_C]
2014-09-08 10:41:16,401 INFO [AWT-EventQueue-0] com.ingenuity.temp.apiupload.MainUI.buildEditPanel(MainUI.java:331) - building edit panel
2014-09-08 10:41:16,401 INFO [AWT-EventQueue-0] com.ingenuity.temp.apiupload.MainUI.buildEditPanel(MainUI.java:331) - building edit panel
2014-09-08 10:41:16,457 INFO [AWT-EventQueue-0] com.ingenuity.temp.apiupload.MainUI.buildEditPanel(MainUI.java:430) - updating main panel UI
2014-09-08 10:41:16,457 INFO [AWT-EventQueue-0] com.ingenuity.temp.apiupload.MainUI.buildEditPanel(MainUI.java:430) - updating main panel UI
2014-09-08 10:41:20,799 INFO [AWT-EventQueue-0] com.ingenuity.temp.apiupload.MainUI.buildEditPanel(MainUI.java:331) - building edit panel
2014-09-08 10:41:20,799 INFO [AWT-EventQueue-0] com.ingenuity.temp.apiupload.MainUI.buildEditPanel(MainUI.java:331) - building edit panel
2014-09-08 10:41:20,858 INFO [AWT-EventQueue-0] com.ingenuity.temp.apiupload.MainUI.buildEditPanel(MainUI.java:430) - updating main panel UI
2014-09-08 10:41:20,858 INFO [AWT-EventQueue-0] com.ingenuity.temp.apiupload.MainUI.buildEditPanel(MainUI.java:430) - updating main panel UI
2014-09-08 10:42:33,563 INFO [SwingWorker-pool-2-thread-2] com.ingenuity.temp.apiupload.MainUI.executeUpload(MainUI.java:483) - executing data upload to server: https://analysis-stable.ingenuity.com
2014-09-08 10:42:33,563 INFO [SwingWorker-pool-2-thread-2] com.ingenuity.temp.apiupload.MainUI.executeUpload(MainUI.java:483) - executing data upload to server: https://analysis-stable.ingenuity.com
2014-09-08 10:42:33,564 INFO [SwingWorker-pool-2-thread-2] com.ingenuity.temp.apiupload.MainUI.executeUpload(MainUI.java:485) - logging in
2014-09-08 10:42:33,564 INFO [SwingWorker-pool-2-thread-2] com.ingenuity.temp.apiupload.MainUI.executeUpload(MainUI.java:485) - logging in
2014-09-08 10:42:33,566 INFO [SwingWorker-pool-2-thread-2] com.ingenuity.temp.apiupload.MainUI.executeUpload(MainUI.java:488) - using username scacoveanu@ingenuity.com and password <redacted>
2014-09-08 10:42:33,566 INFO [SwingWorker-pool-2-thread-2] com.ingenuity.temp.apiupload.MainUI.executeUpload(MainUI.java:488) - using username scacoveanu@ingenuity.com and password <redacted>
2014-09-08 10:42:33,629 INFO [SwingWorker-pool-2-thread-2] com.ingenuity.temp.apiupload.ApiLogin.getClient(ApiLogin.java:41) - execute a get to the server
2014-09-08 10:42:33,629 INFO [SwingWorker-pool-2-thread-2] com.ingenuity.temp.apiupload.ApiLogin.getClient(ApiLogin.java:41) - execute a get to the server
2014-09-08 10:43:58,381 ERROR [SwingWorker-pool-2-thread-2] com.ingenuity.temp.apiupload.ApiLogin.getClient(ApiLogin.java:46) - java.net.ConnectException: Connection timed out: connect
2014-09-08 10:43:58,381 ERROR [SwingWorker-pool-2-thread-2] com.ingenuity.temp.apiupload.ApiLogin.getClient(ApiLogin.java:46) - java.net.ConnectException: Connection timed out: connect
2014-09-08 10:43:58,384 INFO [SwingWorker-pool-2-thread-2] com.ingenuity.temp.apiupload.ApiLogin.getClient(ApiLogin.java:49) - check if we are redirected
2014-09-08 10:43:58,384 INFO [SwingWorker-pool-2-thread-2] com.ingenuity.temp.apiupload.ApiLogin.getClient(ApiLogin.java:49) - check if we are redirected
2014-09-08 15:25:44,333 INFO [main] com.ingenuity.temp.apiupload.MainUI.init(MainUI.java:199) - creating main panel
2014-09-08 15:25:44,333 INFO [main] com.ingenuity.temp.apiupload.MainUI.init(MainUI.java:199) - creating main panel
2014-09-08 15:25:44,519 INFO [main] com.ingenuity.temp.apiupload.MainUI.createEditComponents(MainUI.java:435) - creating edit components
2014-09-08 15:25:44,519 INFO [main] com.ingenuity.temp.apiupload.MainUI.createEditComponents(MainUI.java:435) - creating edit components
2014-09-08 15:25:44,710 INFO [main] com.ingenuity.temp.apiupload.MainUI.initBasicListeners(MainUI.java:244) - initializing listeners
2014-09-08 15:25:44,710 INFO [main] com.ingenuity.temp.apiupload.MainUI.initBasicListeners(MainUI.java:244) - initializing listeners
2014-09-08 15:25:44,728 INFO [main] com.ingenuity.temp.apiupload.MainUI.buildEditPanel(MainUI.java:331) - building edit panel
2014-09-08 15:25:44,728 INFO [main] com.ingenuity.temp.apiupload.MainUI.buildEditPanel(MainUI.java:331) - building edit panel
2014-09-08 15:25:44,732 INFO [main] com.ingenuity.temp.apiupload.MainUI.buildEditPanel(MainUI.java:430) - updating main panel UI
2014-09-08 15:25:44,732 INFO [main] com.ingenuity.temp.apiupload.MainUI.buildEditPanel(MainUI.java:430) - updating main panel UI
2014-09-08 15:25:44,764 INFO [main] com.ingenuity.temp.apiupload.MainUI.init(MainUI.java:230) - UI init done
2014-09-08 15:25:44,764 INFO [main] com.ingenuity.temp.apiupload.MainUI.init(MainUI.java:230) - UI init done
2014-09-08 15:25:58,588 INFO [AWT-EventQueue-0] com.ingenuity.temp.apiupload.MainUI.pickFile(MainUI.java:192) - selected file: C:\Users\scacoveanu\Documents\LPSHepatotoxicityInRats.txt
2014-09-08 15:25:58,588 INFO [AWT-EventQueue-0] com.ingenuity.temp.apiupload.MainUI.pickFile(MainUI.java:192) - selected file: C:\Users\scacoveanu\Documents\LPSHepatotoxicityInRats.txt
2014-09-08 15:25:58,597 INFO [SwingWorker-pool-2-thread-1] com.ingenuity.temp.apiupload.MainUI.loadHeader(MainUI.java:458) - loading table header from file
2014-09-08 15:25:58,597 INFO [SwingWorker-pool-2-thread-1] com.ingenuity.temp.apiupload.MainUI.loadHeader(MainUI.java:458) - loading table header from file
2014-09-08 15:25:58,598 INFO [SwingWorker-pool-2-thread-1] com.ingenuity.temp.apiupload.MainUI.loadHeader(MainUI.java:473) - loaded 7 columns
2014-09-08 15:25:58,598 INFO [SwingWorker-pool-2-thread-1] com.ingenuity.temp.apiupload.MainUI.loadHeader(MainUI.java:473) - loaded 7 columns
2014-09-08 15:25:58,599 INFO [SwingWorker-pool-2-thread-1] com.ingenuity.temp.apiupload.MainUI.loadHeader(MainUI.java:474) - loaded columns: [Gene ID, IV_LO_A, IV_HI_A, IV_LO_B, IV_HI_B, IV_LO_C, IV_HI_C]
2014-09-08 15:25:58,599 INFO [SwingWorker-pool-2-thread-1] com.ingenuity.temp.apiupload.MainUI.loadHeader(MainUI.java:474) - loaded columns: [Gene ID, IV_LO_A, IV_HI_A, IV_LO_B, IV_HI_B, IV_LO_C, IV_HI_C]
2014-09-08 15:25:58,631 INFO [AWT-EventQueue-0] com.ingenuity.temp.apiupload.MainUI.buildEditPanel(MainUI.java:331) - building edit panel
2014-09-08 15:25:58,631 INFO [AWT-EventQueue-0] com.ingenuity.temp.apiupload.MainUI.buildEditPanel(MainUI.java:331) - building edit panel
2014-09-08 15:25:58,667 INFO [AWT-EventQueue-0] com.ingenuity.temp.apiupload.MainUI.buildEditPanel(MainUI.java:430) - updating main panel UI
2014-09-08 15:25:58,667 INFO [AWT-EventQueue-0] com.ingenuity.temp.apiupload.MainUI.buildEditPanel(MainUI.java:430) - updating main panel UI
