2014-04-24 10:41:44,310 INFO [main] com.ingenuity.temp.apiupload.GenericApi.executePost(GenericApi.java:80) - parameter: obs6expval = #NUM!
2014-04-24 10:41:44,310 INFO [main] com.ingenuity.temp.apiupload.GenericApi.executePost(GenericApi.java:80) - parameter: obs6expval = #NUM!
2014-04-24 10:41:44,310 INFO [main] com.ingenuity.temp.apiupload.GenericApi.executePost(GenericApi.java:80) - parameter: geneid = 225728_at
2014-04-24 10:41:44,310 INFO [main] com.ingenuity.temp.apiupload.GenericApi.executePost(GenericApi.java:80) - parameter: geneid = 225728_at
2014-04-24 10:41:44,310 INFO [main] com.ingenuity.temp.apiupload.GenericApi.executePost(GenericApi.java:80) - parameter: expvalue = #NUM!
2014-04-24 10:41:44,310 INFO [main] com.ingenuity.temp.apiupload.GenericApi.executePost(GenericApi.java:80) - parameter: expvalue = #NUM!
2014-04-24 10:41:44,310 INFO [main] com.ingenuity.temp.apiupload.GenericApi.executePost(GenericApi.java:80) - parameter: obs2expval = #NUM!
2014-04-24 10:41:44,310 INFO [main] com.ingenuity.temp.apiupload.GenericApi.executePost(GenericApi.java:80) - parameter: obs2expval = #NUM!
2014-04-24 10:41:44,310 INFO [main] com.ingenuity.temp.apiupload.GenericApi.executePost(GenericApi.java:80) - parameter: obs3expval = #NUM!
2014-04-24 10:41:44,310 INFO [main] com.ingenuity.temp.apiupload.GenericApi.executePost(GenericApi.java:80) - parameter: obs3expval = #NUM!
2014-04-24 10:41:44,310 INFO [main] com.ingenuity.temp.apiupload.GenericApi.executePost(GenericApi.java:80) - parameter: obs4expval = #NUM!
2014-04-24 10:41:44,310 INFO [main] com.ingenuity.temp.apiupload.GenericApi.executePost(GenericApi.java:80) - parameter: obs4expval = #NUM!
2014-04-24 10:41:44,310 INFO [main] com.ingenuity.temp.apiupload.GenericApi.executePost(GenericApi.java:80) - parameter: obs5expval = #NUM!
2014-04-24 10:41:44,310 INFO [main] com.ingenuity.temp.apiupload.GenericApi.executePost(GenericApi.java:80) - parameter: obs5expval = #NUM!
2014-04-24 10:41:44,310 INFO [main] com.ingenuity.temp.apiupload.GenericApi.executePost(GenericApi.java:80) - parameter: obs6expval = #NUM!
2014-04-24 10:41:44,310 INFO [main] com.ingenuity.temp.apiupload.GenericApi.executePost(GenericApi.java:80) - parameter: obs6expval = #NUM!
2014-04-24 10:41:44,310 INFO [main] com.ingenuity.temp.apiupload.GenericApi.executePost(GenericApi.java:80) - parameter: geneid = 225768_at
2014-04-24 10:41:44,310 INFO [main] com.ingenuity.temp.apiupload.GenericApi.executePost(GenericApi.java:80) - parameter: geneid = 225768_at
2014-04-24 10:41:44,310 INFO [main] com.ingenuity.temp.apiupload.GenericApi.executePost(GenericApi.java:80) - parameter: expvalue = #NUM!
2014-04-24 10:41:44,310 INFO [main] com.ingenuity.temp.apiupload.GenericApi.executePost(GenericApi.java:80) - parameter: expvalue = #NUM!
2014-04-24 10:41:44,310 INFO [main] com.ingenuity.temp.apiupload.GenericApi.executePost(GenericApi.java:80) - parameter: obs2expval = #NUM!
2014-04-24 10:41:44,310 INFO [main] com.ingenuity.temp.apiupload.GenericApi.executePost(GenericApi.java:80) - parameter: obs2expval = #NUM!
2014-04-24 10:41:44,310 INFO [main] com.ingenuity.temp.apiupload.GenericApi.executePost(GenericApi.java:80) - parameter: obs3expval = #NUM!
2014-04-24 10:41:44,310 INFO [main] com.ingenuity.temp.apiupload.GenericApi.executePost(GenericApi.java:80) - parameter: obs3expval = #NUM!
2014-04-24 10:41:44,310 INFO [main] com.ingenuity.temp.apiupload.GenericApi.executePost(GenericApi.java:80) - parameter: obs4expval = #NUM!
2014-04-24 10:41:44,310 INFO [main] com.ingenuity.temp.apiupload.GenericApi.executePost(GenericApi.java:80) - parameter: obs4expval = #NUM!
2014-04-24 10:41:44,310 INFO [main] com.ingenuity.temp.apiupload.GenericApi.executePost(GenericApi.java:80) - parameter: obs5expval = #NUM!
2014-04-24 10:41:44,310 INFO [main] com.ingenuity.temp.apiupload.GenericApi.executePost(GenericApi.java:80) - parameter: obs5expval = #NUM!
2014-04-24 10:41:44,310 INFO [main] com.ingenuity.temp.apiupload.GenericApi.executePost(GenericApi.java:80) - parameter: obs6expval = #NUM!
2014-04-24 10:41:44,310 INFO [main] com.ingenuity.temp.apiupload.GenericApi.executePost(GenericApi.java:80) - parameter: obs6expval = #NUM!
2014-04-24 10:41:44,315 INFO [main] com.ingenuity.temp.apiupload.GenericApi.executePost(GenericApi.java:80) - parameter: geneid = 225806_at
2014-04-24 10:41:44,315 INFO [main] com.ingenuity.temp.apiupload.GenericApi.executePost(GenericApi.java:80) - parameter: geneid = 225806_at
2014-04-24 10:41:44,315 INFO [main] com.ingenuity.temp.apiupload.GenericApi.executePost(GenericApi.java:80) - parameter: expvalue = #NUM!
2014-04-24 10:41:44,315 INFO [main] com.ingenuity.temp.apiupload.GenericApi.executePost(GenericApi.java:80) - parameter: expvalue = #NUM!
2014-04-24 10:41:44,315 INFO [main] com.ingenuity.temp.apiupload.GenericApi.executePost(GenericApi.java:80) - parameter: obs2expval = #NUM!
2014-04-24 10:41:44,315 INFO [main] com.ingenuity.temp.apiupload.GenericApi.executePost(GenericApi.java:80) - parameter: obs2expval = #NUM!
2014-04-24 10:41:44,315 INFO [main] com.ingenuity.temp.apiupload.GenericApi.executePost(GenericApi.java:80) - parameter: obs3expval = #NUM!
2014-04-24 10:41:44,315 INFO [main] com.ingenuity.temp.apiupload.GenericApi.executePost(GenericApi.java:80) - parameter: obs3expval = #NUM!
2014-04-24 10:41:44,315 INFO [main] com.ingenuity.temp.apiupload.GenericApi.executePost(GenericApi.java:80) - parameter: obs4expval = #NUM!
2014-04-24 10:41:44,315 INFO [main] com.ingenuity.temp.apiupload.GenericApi.executePost(GenericApi.java:80) - parameter: obs4expval = #NUM!
2014-04-24 10:41:44,315 INFO [main] com.ingenuity.temp.apiupload.GenericApi.executePost(GenericApi.java:80) - parameter: obs5expval = #NUM!
2014-04-24 10:41:44,315 INFO [main] com.ingenuity.temp.apiupload.GenericApi.executePost(GenericApi.java:80) - parameter: obs5expval = #NUM!
2014-04-24 10:41:44,316 INFO [main] com.ingenuity.temp.apiupload.GenericApi.executePost(GenericApi.java:80) - parameter: obs6expval = #NUM!
2014-04-24 10:41:44,316 INFO [main] com.ingenuity.temp.apiupload.GenericApi.executePost(GenericApi.java:80) - parameter: obs6expval = #NUM!
2014-04-24 10:41:44,316 INFO [main] com.ingenuity.temp.apiupload.GenericApi.executePost(GenericApi.java:80) - parameter: geneid = 226120_at
2014-04-24 10:41:44,316 INFO [main] com.ingenuity.temp.apiupload.GenericApi.executePost(GenericApi.java:80) - parameter: geneid = 226120_at
2014-04-24 10:41:44,316 INFO [main] com.ingenuity.temp.apiupload.GenericApi.executePost(GenericApi.java:80) - parameter: expvalue = #NUM!
2014-04-24 10:41:44,316 INFO [main] com.ingenuity.temp.apiupload.GenericApi.executePost(GenericApi.java:80) - parameter: expvalue = #NUM!
2014-04-24 10:41:44,316 INFO [main] com.ingenuity.temp.apiupload.GenericApi.executePost(GenericApi.java:80) - parameter: obs2expval = #NUM!
2014-04-24 10:41:44,316 INFO [main] com.ingenuity.temp.apiupload.GenericApi.executePost(GenericApi.java:80) - parameter: obs2expval = #NUM!
2014-04-24 10:41:44,316 INFO [main] com.ingenuity.temp.apiupload.GenericApi.executePost(GenericApi.java:80) - parameter: obs3expval = #NUM!
2014-04-24 10:41:44,316 INFO [main] com.ingenuity.temp.apiupload.GenericApi.executePost(GenericApi.java:80) - parameter: obs3expval = #NUM!
2014-04-24 10:41:44,316 INFO [main] com.ingenuity.temp.apiupload.GenericApi.executePost(GenericApi.java:80) - parameter: obs4expval = #NUM!
2014-04-24 10:41:44,316 INFO [main] com.ingenuity.temp.apiupload.GenericApi.executePost(GenericApi.java:80) - parameter: obs4expval = #NUM!
2014-04-24 10:41:44,316 INFO [main] com.ingenuity.temp.apiupload.GenericApi.executePost(GenericApi.java:80) - parameter: obs5expval = #NUM!
2014-04-24 10:41:44,316 INFO [main] com.ingenuity.temp.apiupload.GenericApi.executePost(GenericApi.java:80) - parameter: obs5expval = #NUM!
2014-04-24 10:41:44,316 INFO [main] com.ingenuity.temp.apiupload.GenericApi.executePost(GenericApi.java:80) - parameter: obs6expval = #NUM!
2014-04-24 10:41:44,316 INFO [main] com.ingenuity.temp.apiupload.GenericApi.executePost(GenericApi.java:80) - parameter: obs6expval = #NUM!
2014-04-24 10:41:44,316 INFO [main] com.ingenuity.temp.apiupload.GenericApi.executePost(GenericApi.java:80) - parameter: geneid = 226213_at
2014-04-24 10:41:44,316 INFO [main] com.ingenuity.temp.apiupload.GenericApi.executePost(GenericApi.java:80) - parameter: geneid = 226213_at
2014-04-24 10:41:44,316 INFO [main] com.ingenuity.temp.apiupload.GenericApi.executePost(GenericApi.java:80) - parameter: expvalue = #NUM!
2014-04-24 10:41:44,316 INFO [main] com.ingenuity.temp.apiupload.GenericApi.executePost(GenericApi.java:80) - parameter: expvalue = #NUM!
2014-04-24 10:41:44,316 INFO [main] com.ingenuity.temp.apiupload.GenericApi.executePost(GenericApi.java:80) - parameter: obs2expval = #NUM!
2014-04-24 10:41:44,316 INFO [main] com.ingenuity.temp.apiupload.GenericApi.executePost(GenericApi.java:80) - parameter: obs2expval = #NUM!
2014-04-24 10:41:44,316 INFO [main] com.ingenuity.temp.apiupload.GenericApi.executePost(GenericApi.java:80) - parameter: obs3expval = #NUM!
2014-04-24 10:41:44,316 INFO [main] com.ingenuity.temp.apiupload.GenericApi.executePost(GenericApi.java:80) - parameter: obs3expval = #NUM!
2014-04-24 10:41:44,316 INFO [main] com.ingenuity.temp.apiupload.GenericApi.executePost(GenericApi.java:80) - parameter: obs4expval = #NUM!
2014-04-24 10:41:44,316 INFO [main] com.ingenuity.temp.apiupload.GenericApi.executePost(GenericApi.java:80) - parameter: obs4expval = #NUM!
2014-04-24 10:41:44,316 INFO [main] com.ingenuity.temp.apiupload.GenericApi.executePost(GenericApi.java:80) - parameter: obs5expval = #NUM!
2014-04-24 10:41:44,316 INFO [main] com.ingenuity.temp.apiupload.GenericApi.executePost(GenericApi.java:80) - parameter: obs5expval = #NUM!
2014-04-24 10:41:44,316 INFO [main] com.ingenuity.temp.apiupload.GenericApi.executePost(GenericApi.java:80) - parameter: obs6expval = #NUM!
2014-04-24 10:41:44,316 INFO [main] com.ingenuity.temp.apiupload.GenericApi.executePost(GenericApi.java:80) - parameter: obs6expval = #NUM!
2014-04-24 10:41:44,316 INFO [main] com.ingenuity.temp.apiupload.GenericApi.executePost(GenericApi.java:80) - parameter: geneid = 226649_at
2014-04-24 10:41:44,316 INFO [main] com.ingenuity.temp.apiupload.GenericApi.executePost(GenericApi.java:80) - parameter: geneid = 226649_at
2014-04-24 10:41:44,316 INFO [main] com.ingenuity.temp.apiupload.GenericApi.executePost(GenericApi.java:80) - parameter: expvalue = #NUM!
2014-04-24 10:41:44,316 INFO [main] com.ingenuity.temp.apiupload.GenericApi.executePost(GenericApi.java:80) - parameter: expvalue = #NUM!
2014-04-24 10:41:44,316 INFO [main] com.ingenuity.temp.apiupload.GenericApi.executePost(GenericApi.java:80) - parameter: obs2expval = #NUM!
2014-04-24 10:41:44,316 INFO [main] com.ingenuity.temp.apiupload.GenericApi.executePost(GenericApi.java:80) - parameter: obs2expval = #NUM!
2014-04-24 10:41:44,317 INFO [main] com.ingenuity.temp.apiupload.GenericApi.executePost(GenericApi.java:80) - parameter: obs3expval = #NUM!
2014-04-24 10:41:44,317 INFO [main] com.ingenuity.temp.apiupload.GenericApi.executePost(GenericApi.java:80) - parameter: obs3expval = #NUM!
2014-04-24 10:41:44,317 INFO [main] com.ingenuity.temp.apiupload.GenericApi.executePost(GenericApi.java:80) - parameter: obs4expval = #NUM!
2014-04-24 10:41:44,317 INFO [main] com.ingenuity.temp.apiupload.GenericApi.executePost(GenericApi.java:80) - parameter: obs4expval = #NUM!
2014-04-24 10:41:44,317 INFO [main] com.ingenuity.temp.apiupload.GenericApi.executePost(GenericApi.java:80) - parameter: obs5expval = #NUM!
2014-04-24 10:41:44,317 INFO [main] com.ingenuity.temp.apiupload.GenericApi.executePost(GenericApi.java:80) - parameter: obs5expval = #NUM!
2014-04-24 10:41:44,317 INFO [main] com.ingenuity.temp.apiupload.GenericApi.executePost(GenericApi.java:80) - parameter: obs6expval = #NUM!
2014-04-24 10:41:44,317 INFO [main] com.ingenuity.temp.apiupload.GenericApi.executePost(GenericApi.java:80) - parameter: obs6expval = #NUM!
2014-04-24 10:41:44,317 INFO [main] com.ingenuity.temp.apiupload.GenericApi.executePost(GenericApi.java:80) - parameter: geneid = 226695_at
2014-04-24 10:41:44,317 INFO [main] com.ingenuity.temp.apiupload.GenericApi.executePost(GenericApi.java:80) - parameter: geneid = 226695_at
2014-04-24 10:41:44,317 INFO [main] com.ingenuity.temp.apiupload.GenericApi.executePost(GenericApi.java:80) - parameter: expvalue = #NUM!
2014-04-24 10:41:44,317 INFO [main] com.ingenuity.temp.apiupload.GenericApi.executePost(GenericApi.java:80) - parameter: expvalue = #NUM!
2014-04-24 10:41:44,317 INFO [main] com.ingenuity.temp.apiupload.GenericApi.executePost(GenericApi.java:80) - parameter: obs2expval = #NUM!
2014-04-24 10:41:44,317 INFO [main] com.ingenuity.temp.apiupload.GenericApi.executePost(GenericApi.java:80) - parameter: obs2expval = #NUM!
2014-04-24 10:41:44,317 INFO [main] com.ingenuity.temp.apiupload.GenericApi.executePost(GenericApi.java:80) - parameter: obs3expval = #NUM!
2014-04-24 10:41:44,317 INFO [main] com.ingenuity.temp.apiupload.GenericApi.executePost(GenericApi.java:80) - parameter: obs3expval = #NUM!
2014-04-24 10:41:44,317 INFO [main] com.ingenuity.temp.apiupload.GenericApi.executePost(GenericApi.java:80) - parameter: obs4expval = #NUM!
2014-04-24 10:41:44,317 INFO [main] com.ingenuity.temp.apiupload.GenericApi.executePost(GenericApi.java:80) - parameter: obs4expval = #NUM!
2014-04-24 10:41:44,317 INFO [main] com.ingenuity.temp.apiupload.GenericApi.executePost(GenericApi.java:80) - parameter: obs5expval = #NUM!
2014-04-24 10:41:44,317 INFO [main] com.ingenuity.temp.apiupload.GenericApi.executePost(GenericApi.java:80) - parameter: obs5expval = #NUM!
2014-04-24 10:41:44,317 INFO [main] com.ingenuity.temp.apiupload.GenericApi.executePost(GenericApi.java:80) - parameter: obs6expval = #NUM!
2014-04-24 10:41:44,317 INFO [main] com.ingenuity.temp.apiupload.GenericApi.executePost(GenericApi.java:80) - parameter: obs6expval = #NUM!
2014-04-24 10:41:44,317 INFO [main] com.ingenuity.temp.apiupload.GenericApi.executePost(GenericApi.java:80) - parameter: geneid = 226702_at
2014-04-24 10:41:44,317 INFO [main] com.ingenuity.temp.apiupload.GenericApi.executePost(GenericApi.java:80) - parameter: geneid = 226702_at
2014-04-24 10:41:44,317 INFO [main] com.ingenuity.temp.apiupload.GenericApi.executePost(GenericApi.java:80) - parameter: expvalue = #NUM!
2014-04-24 10:41:44,317 INFO [main] com.ingenuity.temp.apiupload.GenericApi.executePost(GenericApi.java:80) - parameter: expvalue = #NUM!
2014-04-24 10:41:44,317 INFO [main] com.ingenuity.temp.apiupload.GenericApi.executePost(GenericApi.java:80) - parameter: obs2expval = #NUM!
2014-04-24 10:41:44,317 INFO [main] com.ingenuity.temp.apiupload.GenericApi.executePost(GenericApi.java:80) - parameter: obs2expval = #NUM!
2014-04-24 10:41:44,317 INFO [main] com.ingenuity.temp.apiupload.GenericApi.executePost(GenericApi.java:80) - parameter: obs3expval = #NUM!
2014-04-24 10:41:44,317 INFO [main] com.ingenuity.temp.apiupload.GenericApi.executePost(GenericApi.java:80) - parameter: obs3expval = #NUM!
2014-04-24 10:41:44,317 INFO [main] com.ingenuity.temp.apiupload.GenericApi.executePost(GenericApi.java:80) - parameter: obs4expval = #NUM!
2014-04-24 10:41:44,317 INFO [main] com.ingenuity.temp.apiupload.GenericApi.executePost(GenericApi.java:80) - parameter: obs4expval = #NUM!
2014-04-24 10:41:44,317 INFO [main] com.ingenuity.temp.apiupload.GenericApi.executePost(GenericApi.java:80) - parameter: obs5expval = #NUM!
2014-04-24 10:41:44,317 INFO [main] com.ingenuity.temp.apiupload.GenericApi.executePost(GenericApi.java:80) - parameter: obs5expval = #NUM!
2014-04-24 10:41:44,317 INFO [main] com.ingenuity.temp.apiupload.GenericApi.executePost(GenericApi.java:80) - parameter: obs6expval = #NUM!
2014-04-24 10:41:44,317 INFO [main] com.ingenuity.temp.apiupload.GenericApi.executePost(GenericApi.java:80) - parameter: obs6expval = #NUM!
2014-04-24 10:41:44,317 INFO [main] com.ingenuity.temp.apiupload.GenericApi.executePost(GenericApi.java:80) - parameter: geneid = 226925_at
2014-04-24 10:41:44,317 INFO [main] com.ingenuity.temp.apiupload.GenericApi.executePost(GenericApi.java:80) - parameter: geneid = 226925_at
2014-04-24 10:41:44,317 INFO [main] com.ingenuity.temp.apiupload.GenericApi.executePost(GenericApi.java:80) - parameter: expvalue = #NUM!
2014-04-24 10:41:44,317 INFO [main] com.ingenuity.temp.apiupload.GenericApi.executePost(GenericApi.java:80) - parameter: expvalue = #NUM!
2014-04-24 10:41:44,317 INFO [main] com.ingenuity.temp.apiupload.GenericApi.executePost(GenericApi.java:80) - parameter: obs2expval = #NUM!
2014-04-24 10:41:44,317 INFO [main] com.ingenuity.temp.apiupload.GenericApi.executePost(GenericApi.java:80) - parameter: obs2expval = #NUM!
2014-04-24 10:41:44,317 INFO [main] com.ingenuity.temp.apiupload.GenericApi.executePost(GenericApi.java:80) - parameter: obs3expval = #NUM!
2014-04-24 10:41:44,317 INFO [main] com.ingenuity.temp.apiupload.GenericApi.executePost(GenericApi.java:80) - parameter: obs3expval = #NUM!
2014-04-24 10:41:44,317 INFO [main] com.ingenuity.temp.apiupload.GenericApi.executePost(GenericApi.java:80) - parameter: obs4expval = #NUM!
2014-04-24 10:41:44,317 INFO [main] com.ingenuity.temp.apiupload.GenericApi.executePost(GenericApi.java:80) - parameter: obs4expval = #NUM!
2014-04-24 10:41:44,317 INFO [main] com.ingenuity.temp.apiupload.GenericApi.executePost(GenericApi.java:80) - parameter: obs5expval = #NUM!
2014-04-24 10:41:44,317 INFO [main] com.ingenuity.temp.apiupload.GenericApi.executePost(GenericApi.java:80) - parameter: obs5expval = #NUM!
2014-04-24 10:41:44,317 INFO [main] com.ingenuity.temp.apiupload.GenericApi.executePost(GenericApi.java:80) - parameter: obs6expval = #NUM!
2014-04-24 10:41:44,317 INFO [main] com.ingenuity.temp.apiupload.GenericApi.executePost(GenericApi.java:80) - parameter: obs6expval = #NUM!
2014-04-24 10:41:44,317 INFO [main] com.ingenuity.temp.apiupload.GenericApi.executePost(GenericApi.java:80) - parameter: geneid = 227123_at
2014-04-24 10:41:44,317 INFO [main] com.ingenuity.temp.apiupload.GenericApi.executePost(GenericApi.java:80) - parameter: geneid = 227123_at
2014-04-24 10:41:44,318 INFO [main] com.ingenuity.temp.apiupload.GenericApi.executePost(GenericApi.java:80) - parameter: expvalue = #NUM!
2014-04-24 10:41:44,318 INFO [main] com.ingenuity.temp.apiupload.GenericApi.executePost(GenericApi.java:80) - parameter: expvalue = #NUM!
2014-04-24 10:41:44,318 INFO [main] com.ingenuity.temp.apiupload.GenericApi.executePost(GenericApi.java:80) - parameter: obs2expval = #NUM!
2014-04-24 10:41:44,318 INFO [main] com.ingenuity.temp.apiupload.GenericApi.executePost(GenericApi.java:80) - parameter: obs2expval = #NUM!
2014-04-24 10:41:44,318 INFO [main] com.ingenuity.temp.apiupload.GenericApi.executePost(GenericApi.java:80) - parameter: obs3expval = #NUM!
2014-04-24 10:41:44,318 INFO [main] com.ingenuity.temp.apiupload.GenericApi.executePost(GenericApi.java:80) - parameter: obs3expval = #NUM!
2014-04-24 10:41:44,318 INFO [main] com.ingenuity.temp.apiupload.GenericApi.executePost(GenericApi.java:80) - parameter: obs4expval = #NUM!
2014-04-24 10:41:44,318 INFO [main] com.ingenuity.temp.apiupload.GenericApi.executePost(GenericApi.java:80) - parameter: obs4expval = #NUM!
2014-04-24 10:41:44,318 INFO [main] com.ingenuity.temp.apiupload.GenericApi.executePost(GenericApi.java:80) - parameter: obs5expval = #NUM!
2014-04-24 10:41:44,318 INFO [main] com.ingenuity.temp.apiupload.GenericApi.executePost(GenericApi.java:80) - parameter: obs5expval = #NUM!
2014-04-24 10:41:44,318 INFO [main] com.ingenuity.temp.apiupload.GenericApi.executePost(GenericApi.java:80) - parameter: obs6expval = #NUM!
2014-04-24 10:41:44,318 INFO [main] com.ingenuity.temp.apiupload.GenericApi.executePost(GenericApi.java:80) - parameter: obs6expval = #NUM!
2014-04-24 10:41:44,318 INFO [main] com.ingenuity.temp.apiupload.GenericApi.executePost(GenericApi.java:80) - parameter: geneid = 227140_at
2014-04-24 10:41:44,318 INFO [main] com.ingenuity.temp.apiupload.GenericApi.executePost(GenericApi.java:80) - parameter: geneid = 227140_at
2014-04-24 10:41:44,318 INFO [main] com.ingenuity.temp.apiupload.GenericApi.executePost(GenericApi.java:80) - parameter: expvalue = #NUM!
2014-04-24 10:41:44,318 INFO [main] com.ingenuity.temp.apiupload.GenericApi.executePost(GenericApi.java:80) - parameter: expvalue = #NUM!
2014-04-24 10:41:44,318 INFO [main] com.ingenuity.temp.apiupload.GenericApi.executePost(GenericApi.java:80) - parameter: obs2expval = #NUM!
2014-04-24 10:41:44,318 INFO [main] com.ingenuity.temp.apiupload.GenericApi.executePost(GenericApi.java:80) - parameter: obs2expval = #NUM!
2014-04-24 10:41:44,318 INFO [main] com.ingenuity.temp.apiupload.GenericApi.executePost(GenericApi.java:80) - parameter: obs3expval = #NUM!
2014-04-24 10:41:44,318 INFO [main] com.ingenuity.temp.apiupload.GenericApi.executePost(GenericApi.java:80) - parameter: obs3expval = #NUM!
2014-04-24 10:41:44,318 INFO [main] com.ingenuity.temp.apiupload.GenericApi.executePost(GenericApi.java:80) - parameter: obs4expval = #NUM!
2014-04-24 10:41:44,318 INFO [main] com.ingenuity.temp.apiupload.GenericApi.executePost(GenericApi.java:80) - parameter: obs4expval = #NUM!
2014-04-24 10:41:44,318 INFO [main] com.ingenuity.temp.apiupload.GenericApi.executePost(GenericApi.java:80) - parameter: obs5expval = #NUM!
2014-04-24 10:41:44,318 INFO [main] com.ingenuity.temp.apiupload.GenericApi.executePost(GenericApi.java:80) - parameter: obs5expval = #NUM!
2014-04-24 10:41:44,318 INFO [main] com.ingenuity.temp.apiupload.GenericApi.executePost(GenericApi.java:80) - parameter: obs6expval = #NUM!
2014-04-24 10:41:44,318 INFO [main] com.ingenuity.temp.apiupload.GenericApi.executePost(GenericApi.java:80) - parameter: obs6expval = #NUM!
2014-04-24 10:41:44,318 INFO [main] com.ingenuity.temp.apiupload.GenericApi.executePost(GenericApi.java:80) - parameter: geneid = 227458_at
2014-04-24 10:41:44,318 INFO [main] com.ingenuity.temp.apiupload.GenericApi.executePost(GenericApi.java:80) - parameter: geneid = 227458_at
2014-04-24 10:41:44,318 INFO [main] com.ingenuity.temp.apiupload.GenericApi.executePost(GenericApi.java:80) - parameter: expvalue = #NUM!
2014-04-24 10:41:44,318 INFO [main] com.ingenuity.temp.apiupload.GenericApi.executePost(GenericApi.java:80) - parameter: expvalue = #NUM!
2014-04-24 10:41:44,318 INFO [main] com.ingenuity.temp.apiupload.GenericApi.executePost(GenericApi.java:80) - parameter: obs2expval = #NUM!
2014-04-24 10:41:44,318 INFO [main] com.ingenuity.temp.apiupload.GenericApi.executePost(GenericApi.java:80) - parameter: obs2expval = #NUM!
2014-04-24 10:41:44,318 INFO [main] com.ingenuity.temp.apiupload.GenericApi.executePost(GenericApi.java:80) - parameter: obs3expval = #NUM!
2014-04-24 10:41:44,318 INFO [main] com.ingenuity.temp.apiupload.GenericApi.executePost(GenericApi.java:80) - parameter: obs3expval = #NUM!
2014-04-24 10:41:44,318 INFO [main] com.ingenuity.temp.apiupload.GenericApi.executePost(GenericApi.java:80) - parameter: obs4expval = #NUM!
2014-04-24 10:41:44,318 INFO [main] com.ingenuity.temp.apiupload.GenericApi.executePost(GenericApi.java:80) - parameter: obs4expval = #NUM!
2014-04-24 10:41:44,318 INFO [main] com.ingenuity.temp.apiupload.GenericApi.executePost(GenericApi.java:80) - parameter: obs5expval = #NUM!
2014-04-24 10:41:44,318 INFO [main] com.ingenuity.temp.apiupload.GenericApi.executePost(GenericApi.java:80) - parameter: obs5expval = #NUM!
2014-04-24 10:41:44,318 INFO [main] com.ingenuity.temp.apiupload.GenericApi.executePost(GenericApi.java:80) - parameter: obs6expval = #NUM!
2014-04-24 10:41:44,318 INFO [main] com.ingenuity.temp.apiupload.GenericApi.executePost(GenericApi.java:80) - parameter: obs6expval = #NUM!
2014-04-24 10:41:44,318 INFO [main] com.ingenuity.temp.apiupload.GenericApi.executePost(GenericApi.java:80) - parameter: geneid = 228024_at
2014-04-24 10:41:44,318 INFO [main] com.ingenuity.temp.apiupload.GenericApi.executePost(GenericApi.java:80) - parameter: geneid = 228024_at
2014-04-24 10:41:44,318 INFO [main] com.ingenuity.temp.apiupload.GenericApi.executePost(GenericApi.java:80) - parameter: expvalue = #NUM!
2014-04-24 10:41:44,318 INFO [main] com.ingenuity.temp.apiupload.GenericApi.executePost(GenericApi.java:80) - parameter: expvalue = #NUM!
2014-04-24 10:41:44,318 INFO [main] com.ingenuity.temp.apiupload.GenericApi.executePost(GenericApi.java:80) - parameter: obs2expval = #NUM!
2014-04-24 10:41:44,318 INFO [main] com.ingenuity.temp.apiupload.GenericApi.executePost(GenericApi.java:80) - parameter: obs2expval = #NUM!
2014-04-24 10:41:44,318 INFO [main] com.ingenuity.temp.apiupload.GenericApi.executePost(GenericApi.java:80) - parameter: obs3expval = #NUM!
2014-04-24 10:41:44,318 INFO [main] com.ingenuity.temp.apiupload.GenericApi.executePost(GenericApi.java:80) - parameter: obs3expval = #NUM!
2014-04-24 10:41:44,318 INFO [main] com.ingenuity.temp.apiupload.GenericApi.executePost(GenericApi.java:80) - parameter: obs4expval = #NUM!
2014-04-24 10:41:44,318 INFO [main] com.ingenuity.temp.apiupload.GenericApi.executePost(GenericApi.java:80) - parameter: obs4expval = #NUM!
2014-04-24 10:41:44,318 INFO [main] com.ingenuity.temp.apiupload.GenericApi.executePost(GenericApi.java:80) - parameter: obs5expval = #NUM!
2014-04-24 10:41:44,318 INFO [main] com.ingenuity.temp.apiupload.GenericApi.executePost(GenericApi.java:80) - parameter: obs5expval = #NUM!
2014-04-24 10:41:44,318 INFO [main] com.ingenuity.temp.apiupload.GenericApi.executePost(GenericApi.java:80) - parameter: obs6expval = #NUM!
2014-04-24 10:41:44,318 INFO [main] com.ingenuity.temp.apiupload.GenericApi.executePost(GenericApi.java:80) - parameter: obs6expval = #NUM!
2014-04-24 10:41:44,319 INFO [main] com.ingenuity.temp.apiupload.GenericApi.executePost(GenericApi.java:80) - parameter: geneid = 228092_at
2014-04-24 10:41:44,319 INFO [main] com.ingenuity.temp.apiupload.GenericApi.executePost(GenericApi.java:80) - parameter: geneid = 228092_at
2014-04-24 10:41:44,319 INFO [main] com.ingenuity.temp.apiupload.GenericApi.executePost(GenericApi.java:80) - parameter: expvalue = #NUM!
2014-04-24 10:41:44,319 INFO [main] com.ingenuity.temp.apiupload.GenericApi.executePost(GenericApi.java:80) - parameter: expvalue = #NUM!
2014-04-24 10:41:44,319 INFO [main] com.ingenuity.temp.apiupload.GenericApi.executePost(GenericApi.java:80) - parameter: obs2expval = #NUM!
2014-04-24 10:41:44,319 INFO [main] com.ingenuity.temp.apiupload.GenericApi.executePost(GenericApi.java:80) - parameter: obs2expval = #NUM!
2014-04-24 10:41:44,319 INFO [main] com.ingenuity.temp.apiupload.GenericApi.executePost(GenericApi.java:80) - parameter: obs3expval = #NUM!
2014-04-24 10:41:44,319 INFO [main] com.ingenuity.temp.apiupload.GenericApi.executePost(GenericApi.java:80) - parameter: obs3expval = #NUM!
2014-04-24 10:41:44,319 INFO [main] com.ingenuity.temp.apiupload.GenericApi.executePost(GenericApi.java:80) - parameter: obs4expval = #NUM!
2014-04-24 10:41:44,319 INFO [main] com.ingenuity.temp.apiupload.GenericApi.executePost(GenericApi.java:80) - parameter: obs4expval = #NUM!
2014-04-24 10:41:44,319 INFO [main] com.ingenuity.temp.apiupload.GenericApi.executePost(GenericApi.java:80) - parameter: obs5expval = #NUM!
2014-04-24 10:41:44,319 INFO [main] com.ingenuity.temp.apiupload.GenericApi.executePost(GenericApi.java:80) - parameter: obs5expval = #NUM!
2014-04-24 10:41:44,319 INFO [main] com.ingenuity.temp.apiupload.GenericApi.executePost(GenericApi.java:80) - parameter: obs6expval = #NUM!
2014-04-24 10:41:44,319 INFO [main] com.ingenuity.temp.apiupload.GenericApi.executePost(GenericApi.java:80) - parameter: obs6expval = #NUM!
2014-04-24 10:41:44,319 INFO [main] com.ingenuity.temp.apiupload.GenericApi.executePost(GenericApi.java:80) - parameter: geneid = 228293_at
2014-04-24 10:41:44,319 INFO [main] com.ingenuity.temp.apiupload.GenericApi.executePost(GenericApi.java:80) - parameter: geneid = 228293_at
2014-04-24 10:41:44,319 INFO [main] com.ingenuity.temp.apiupload.GenericApi.executePost(GenericApi.java:80) - parameter: expvalue = #NUM!
2014-04-24 10:41:44,319 INFO [main] com.ingenuity.temp.apiupload.GenericApi.executePost(GenericApi.java:80) - parameter: expvalue = #NUM!
2014-04-24 10:41:44,319 INFO [main] com.ingenuity.temp.apiupload.GenericApi.executePost(GenericApi.java:80) - parameter: obs2expval = #NUM!
2014-04-24 10:41:44,319 INFO [main] com.ingenuity.temp.apiupload.GenericApi.executePost(GenericApi.java:80) - parameter: obs2expval = #NUM!
2014-04-24 10:41:44,319 INFO [main] com.ingenuity.temp.apiupload.GenericApi.executePost(GenericApi.java:80) - parameter: obs3expval = #NUM!
2014-04-24 10:41:44,319 INFO [main] com.ingenuity.temp.apiupload.GenericApi.executePost(GenericApi.java:80) - parameter: obs3expval = #NUM!
2014-04-24 10:41:44,319 INFO [main] com.ingenuity.temp.apiupload.GenericApi.executePost(GenericApi.java:80) - parameter: obs4expval = #NUM!
2014-04-24 10:41:44,319 INFO [main] com.ingenuity.temp.apiupload.GenericApi.executePost(GenericApi.java:80) - parameter: obs4expval = #NUM!
2014-04-24 10:41:44,319 INFO [main] com.ingenuity.temp.apiupload.GenericApi.executePost(GenericApi.java:80) - parameter: obs5expval = #NUM!
2014-04-24 10:41:44,319 INFO [main] com.ingenuity.temp.apiupload.GenericApi.executePost(GenericApi.java:80) - parameter: obs5expval = #NUM!
2014-04-24 10:41:44,319 INFO [main] com.ingenuity.temp.apiupload.GenericApi.executePost(GenericApi.java:80) - parameter: obs6expval = #NUM!
2014-04-24 10:41:44,319 INFO [main] com.ingenuity.temp.apiupload.GenericApi.executePost(GenericApi.java:80) - parameter: obs6expval = #NUM!
2014-04-24 10:41:44,319 INFO [main] com.ingenuity.temp.apiupload.GenericApi.executePost(GenericApi.java:80) - parameter: geneid = 228617_at
2014-04-24 10:41:44,319 INFO [main] com.ingenuity.temp.apiupload.GenericApi.executePost(GenericApi.java:80) - parameter: geneid = 228617_at
2014-04-24 10:41:44,319 INFO [main] com.ingenuity.temp.apiupload.GenericApi.executePost(GenericApi.java:80) - parameter: expvalue = #NUM!
2014-04-24 10:41:44,319 INFO [main] com.ingenuity.temp.apiupload.GenericApi.executePost(GenericApi.java:80) - parameter: expvalue = #NUM!
2014-04-24 10:41:44,319 INFO [main] com.ingenuity.temp.apiupload.GenericApi.executePost(GenericApi.java:80) - parameter: obs2expval = #NUM!
2014-04-24 10:41:44,319 INFO [main] com.ingenuity.temp.apiupload.GenericApi.executePost(GenericApi.java:80) - parameter: obs2expval = #NUM!
2014-04-24 10:41:44,319 INFO [main] com.ingenuity.temp.apiupload.GenericApi.executePost(GenericApi.java:80) - parameter: obs3expval = #NUM!
2014-04-24 10:41:44,319 INFO [main] com.ingenuity.temp.apiupload.GenericApi.executePost(GenericApi.java:80) - parameter: obs3expval = #NUM!
2014-04-24 10:41:44,319 INFO [main] com.ingenuity.temp.apiupload.GenericApi.executePost(GenericApi.java:80) - parameter: obs4expval = #NUM!
2014-04-24 10:41:44,319 INFO [main] com.ingenuity.temp.apiupload.GenericApi.executePost(GenericApi.java:80) - parameter: obs4expval = #NUM!
2014-04-24 10:41:44,319 INFO [main] com.ingenuity.temp.apiupload.GenericApi.executePost(GenericApi.java:80) - parameter: obs5expval = #NUM!
2014-04-24 10:41:44,319 INFO [main] com.ingenuity.temp.apiupload.GenericApi.executePost(GenericApi.java:80) - parameter: obs5expval = #NUM!
2014-04-24 10:41:44,319 INFO [main] com.ingenuity.temp.apiupload.GenericApi.executePost(GenericApi.java:80) - parameter: obs6expval = #NUM!
2014-04-24 10:41:44,319 INFO [main] com.ingenuity.temp.apiupload.GenericApi.executePost(GenericApi.java:80) - parameter: obs6expval = #NUM!
2014-04-24 10:41:44,319 INFO [main] com.ingenuity.temp.apiupload.GenericApi.executePost(GenericApi.java:80) - parameter: geneid = 229476_s_at
2014-04-24 10:41:44,319 INFO [main] com.ingenuity.temp.apiupload.GenericApi.executePost(GenericApi.java:80) - parameter: geneid = 229476_s_at
2014-04-24 10:41:44,319 INFO [main] com.ingenuity.temp.apiupload.GenericApi.executePost(GenericApi.java:80) - parameter: expvalue = #NUM!
2014-04-24 10:41:44,319 INFO [main] com.ingenuity.temp.apiupload.GenericApi.executePost(GenericApi.java:80) - parameter: expvalue = #NUM!
2014-04-24 10:41:44,319 INFO [main] com.ingenuity.temp.apiupload.GenericApi.executePost(GenericApi.java:80) - parameter: obs2expval = #NUM!
2014-04-24 10:41:44,319 INFO [main] com.ingenuity.temp.apiupload.GenericApi.executePost(GenericApi.java:80) - parameter: obs2expval = #NUM!
2014-04-24 10:41:44,319 INFO [main] com.ingenuity.temp.apiupload.GenericApi.executePost(GenericApi.java:80) - parameter: obs3expval = #NUM!
2014-04-24 10:41:44,319 INFO [main] com.ingenuity.temp.apiupload.GenericApi.executePost(GenericApi.java:80) - parameter: obs3expval = #NUM!
2014-04-24 10:41:44,319 INFO [main] com.ingenuity.temp.apiupload.GenericApi.executePost(GenericApi.java:80) - parameter: obs4expval = #NUM!
2014-04-24 10:41:44,319 INFO [main] com.ingenuity.temp.apiupload.GenericApi.executePost(GenericApi.java:80) - parameter: obs4expval = #NUM!
2014-04-24 10:41:44,320 INFO [main] com.ingenuity.temp.apiupload.GenericApi.executePost(GenericApi.java:80) - parameter: obs5expval = #NUM!
2014-04-24 10:41:44,320 INFO [main] com.ingenuity.temp.apiupload.GenericApi.executePost(GenericApi.java:80) - parameter: obs5expval = #NUM!
2014-04-24 10:41:44,320 INFO [main] com.ingenuity.temp.apiupload.GenericApi.executePost(GenericApi.java:80) - parameter: obs6expval = #NUM!
2014-04-24 10:41:44,320 INFO [main] com.ingenuity.temp.apiupload.GenericApi.executePost(GenericApi.java:80) - parameter: obs6expval = #NUM!
2014-04-24 10:41:44,320 INFO [main] com.ingenuity.temp.apiupload.GenericApi.executePost(GenericApi.java:80) - parameter: geneid = 229477_at
2014-04-24 10:41:44,320 INFO [main] com.ingenuity.temp.apiupload.GenericApi.executePost(GenericApi.java:80) - parameter: geneid = 229477_at
2014-04-24 10:41:44,320 INFO [main] com.ingenuity.temp.apiupload.GenericApi.executePost(GenericApi.java:80) - parameter: expvalue = #NUM!
2014-04-24 10:41:44,320 INFO [main] com.ingenuity.temp.apiupload.GenericApi.executePost(GenericApi.java:80) - parameter: expvalue = #NUM!
2014-04-24 10:41:44,320 INFO [main] com.ingenuity.temp.apiupload.GenericApi.executePost(GenericApi.java:80) - parameter: obs2expval = #NUM!
2014-04-24 10:41:44,320 INFO [main] com.ingenuity.temp.apiupload.GenericApi.executePost(GenericApi.java:80) - parameter: obs2expval = #NUM!
2014-04-24 10:41:44,320 INFO [main] com.ingenuity.temp.apiupload.GenericApi.executePost(GenericApi.java:80) - parameter: obs3expval = #NUM!
2014-04-24 10:41:44,320 INFO [main] com.ingenuity.temp.apiupload.GenericApi.executePost(GenericApi.java:80) - parameter: obs3expval = #NUM!
2014-04-24 10:41:44,320 INFO [main] com.ingenuity.temp.apiupload.GenericApi.executePost(GenericApi.java:80) - parameter: obs4expval = #NUM!
2014-04-24 10:41:44,320 INFO [main] com.ingenuity.temp.apiupload.GenericApi.executePost(GenericApi.java:80) - parameter: obs4expval = #NUM!
2014-04-24 10:41:44,320 INFO [main] com.ingenuity.temp.apiupload.GenericApi.executePost(GenericApi.java:80) - parameter: obs5expval = #NUM!
2014-04-24 10:41:44,320 INFO [main] com.ingenuity.temp.apiupload.GenericApi.executePost(GenericApi.java:80) - parameter: obs5expval = #NUM!
2014-04-24 10:41:44,320 INFO [main] com.ingenuity.temp.apiupload.GenericApi.executePost(GenericApi.java:80) - parameter: obs6expval = #NUM!
2014-04-24 10:41:44,320 INFO [main] com.ingenuity.temp.apiupload.GenericApi.executePost(GenericApi.java:80) - parameter: obs6expval = #NUM!
2014-04-24 10:41:44,320 INFO [main] com.ingenuity.temp.apiupload.GenericApi.executePost(GenericApi.java:80) - parameter: geneid = 229777_at
2014-04-24 10:41:44,320 INFO [main] com.ingenuity.temp.apiupload.GenericApi.executePost(GenericApi.java:80) - parameter: geneid = 229777_at
2014-04-24 10:41:44,320 INFO [main] com.ingenuity.temp.apiupload.GenericApi.executePost(GenericApi.java:80) - parameter: expvalue = #NUM!
2014-04-24 10:41:44,320 INFO [main] com.ingenuity.temp.apiupload.GenericApi.executePost(GenericApi.java:80) - parameter: expvalue = #NUM!
2014-04-24 10:41:44,320 INFO [main] com.ingenuity.temp.apiupload.GenericApi.executePost(GenericApi.java:80) - parameter: obs2expval = #NUM!
2014-04-24 10:41:44,320 INFO [main] com.ingenuity.temp.apiupload.GenericApi.executePost(GenericApi.java:80) - parameter: obs2expval = #NUM!
2014-04-24 10:41:44,320 INFO [main] com.ingenuity.temp.apiupload.GenericApi.executePost(GenericApi.java:80) - parameter: obs3expval = #NUM!
2014-04-24 10:41:44,320 INFO [main] com.ingenuity.temp.apiupload.GenericApi.executePost(GenericApi.java:80) - parameter: obs3expval = #NUM!
2014-04-24 10:41:44,320 INFO [main] com.ingenuity.temp.apiupload.GenericApi.executePost(GenericApi.java:80) - parameter: obs4expval = #NUM!
2014-04-24 10:41:44,320 INFO [main] com.ingenuity.temp.apiupload.GenericApi.executePost(GenericApi.java:80) - parameter: obs4expval = #NUM!
2014-04-24 10:41:44,320 INFO [main] com.ingenuity.temp.apiupload.GenericApi.executePost(GenericApi.java:80) - parameter: obs5expval = #NUM!
2014-04-24 10:41:44,320 INFO [main] com.ingenuity.temp.apiupload.GenericApi.executePost(GenericApi.java:80) - parameter: obs5expval = #NUM!
2014-04-24 10:41:44,321 INFO [main] com.ingenuity.temp.apiupload.GenericApi.executePost(GenericApi.java:80) - parameter: obs6expval = #NUM!
2014-04-24 10:41:44,321 INFO [main] com.ingenuity.temp.apiupload.GenericApi.executePost(GenericApi.java:80) - parameter: obs6expval = #NUM!
2014-04-24 10:41:44,321 INFO [main] com.ingenuity.temp.apiupload.GenericApi.executePost(GenericApi.java:80) - parameter: geneid = 230380_at
2014-04-24 10:41:44,321 INFO [main] com.ingenuity.temp.apiupload.GenericApi.executePost(GenericApi.java:80) - parameter: geneid = 230380_at
2014-04-24 10:41:44,321 INFO [main] com.ingenuity.temp.apiupload.GenericApi.executePost(GenericApi.java:80) - parameter: expvalue = #NUM!
2014-04-24 10:41:44,321 INFO [main] com.ingenuity.temp.apiupload.GenericApi.executePost(GenericApi.java:80) - parameter: expvalue = #NUM!
2014-04-24 10:41:44,321 INFO [main] com.ingenuity.temp.apiupload.GenericApi.executePost(GenericApi.java:80) - parameter: obs2expval = #NUM!
2014-04-24 10:41:44,321 INFO [main] com.ingenuity.temp.apiupload.GenericApi.executePost(GenericApi.java:80) - parameter: obs2expval = #NUM!
2014-04-24 10:41:44,321 INFO [main] com.ingenuity.temp.apiupload.GenericApi.executePost(GenericApi.java:80) - parameter: obs3expval = #NUM!
2014-04-24 10:41:44,321 INFO [main] com.ingenuity.temp.apiupload.GenericApi.executePost(GenericApi.java:80) - parameter: obs3expval = #NUM!
2014-04-24 10:41:44,321 INFO [main] com.ingenuity.temp.apiupload.GenericApi.executePost(GenericApi.java:80) - parameter: obs4expval = #NUM!
2014-04-24 10:41:44,321 INFO [main] com.ingenuity.temp.apiupload.GenericApi.executePost(GenericApi.java:80) - parameter: obs4expval = #NUM!
2014-04-24 10:41:44,321 INFO [main] com.ingenuity.temp.apiupload.GenericApi.executePost(GenericApi.java:80) - parameter: obs5expval = #NUM!
2014-04-24 10:41:44,321 INFO [main] com.ingenuity.temp.apiupload.GenericApi.executePost(GenericApi.java:80) - parameter: obs5expval = #NUM!
2014-04-24 10:41:44,321 INFO [main] com.ingenuity.temp.apiupload.GenericApi.executePost(GenericApi.java:80) - parameter: obs6expval = #NUM!
2014-04-24 10:41:44,321 INFO [main] com.ingenuity.temp.apiupload.GenericApi.executePost(GenericApi.java:80) - parameter: obs6expval = #NUM!
2014-04-24 10:41:44,321 INFO [main] com.ingenuity.temp.apiupload.GenericApi.executePost(GenericApi.java:80) - parameter: geneid = 230554_at
2014-04-24 10:41:44,321 INFO [main] com.ingenuity.temp.apiupload.GenericApi.executePost(GenericApi.java:80) - parameter: geneid = 230554_at
2014-04-24 10:41:44,321 INFO [main] com.ingenuity.temp.apiupload.GenericApi.executePost(GenericApi.java:80) - parameter: expvalue = #NUM!
2014-04-24 10:41:44,321 INFO [main] com.ingenuity.temp.apiupload.GenericApi.executePost(GenericApi.java:80) - parameter: expvalue = #NUM!
2014-04-24 10:41:44,321 INFO [main] com.ingenuity.temp.apiupload.GenericApi.executePost(GenericApi.java:80) - parameter: obs2expval = #NUM!
2014-04-24 10:41:44,321 INFO [main] com.ingenuity.temp.apiupload.GenericApi.executePost(GenericApi.java:80) - parameter: obs2expval = #NUM!
2014-04-24 10:41:44,321 INFO [main] com.ingenuity.temp.apiupload.GenericApi.executePost(GenericApi.java:80) - parameter: obs3expval = #NUM!
2014-04-24 10:41:44,321 INFO [main] com.ingenuity.temp.apiupload.GenericApi.executePost(GenericApi.java:80) - parameter: obs3expval = #NUM!
2014-04-24 10:41:44,321 INFO [main] com.ingenuity.temp.apiupload.GenericApi.executePost(GenericApi.java:80) - parameter: obs4expval = #NUM!
2014-04-24 10:41:44,321 INFO [main] com.ingenuity.temp.apiupload.GenericApi.executePost(GenericApi.java:80) - parameter: obs4expval = #NUM!
2014-04-24 10:41:44,321 INFO [main] com.ingenuity.temp.apiupload.GenericApi.executePost(GenericApi.java:80) - parameter: obs5expval = #NUM!
2014-04-24 10:41:44,321 INFO [main] com.ingenuity.temp.apiupload.GenericApi.executePost(GenericApi.java:80) - parameter: obs5expval = #NUM!
2014-04-24 10:41:44,321 INFO [main] com.ingenuity.temp.apiupload.GenericApi.executePost(GenericApi.java:80) - parameter: obs6expval = #NUM!
2014-04-24 10:41:44,321 INFO [main] com.ingenuity.temp.apiupload.GenericApi.executePost(GenericApi.java:80) - parameter: obs6expval = #NUM!
2014-04-24 10:41:44,322 INFO [main] com.ingenuity.temp.apiupload.GenericApi.executePost(GenericApi.java:80) - parameter: geneid = 230914_at
2014-04-24 10:41:44,322 INFO [main] com.ingenuity.temp.apiupload.GenericApi.executePost(GenericApi.java:80) - parameter: geneid = 230914_at
2014-04-24 10:41:44,322 INFO [main] com.ingenuity.temp.apiupload.GenericApi.executePost(GenericApi.java:80) - parameter: expvalue = #NUM!
2014-04-24 10:41:44,322 INFO [main] com.ingenuity.temp.apiupload.GenericApi.executePost(GenericApi.java:80) - parameter: expvalue = #NUM!
2014-04-24 10:41:44,322 INFO [main] com.ingenuity.temp.apiupload.GenericApi.executePost(GenericApi.java:80) - parameter: obs2expval = #NUM!
2014-04-24 10:41:44,322 INFO [main] com.ingenuity.temp.apiupload.GenericApi.executePost(GenericApi.java:80) - parameter: obs2expval = #NUM!
2014-04-24 10:41:44,322 INFO [main] com.ingenuity.temp.apiupload.GenericApi.executePost(GenericApi.java:80) - parameter: obs3expval = #NUM!
2014-04-24 10:41:44,322 INFO [main] com.ingenuity.temp.apiupload.GenericApi.executePost(GenericApi.java:80) - parameter: obs3expval = #NUM!
2014-04-24 10:41:44,322 INFO [main] com.ingenuity.temp.apiupload.GenericApi.executePost(GenericApi.java:80) - parameter: obs4expval = #NUM!
2014-04-24 10:41:44,322 INFO [main] com.ingenuity.temp.apiupload.GenericApi.executePost(GenericApi.java:80) - parameter: obs4expval = #NUM!
2014-04-24 10:41:44,322 INFO [main] com.ingenuity.temp.apiupload.GenericApi.executePost(GenericApi.java:80) - parameter: obs5expval = #NUM!
2014-04-24 10:41:44,322 INFO [main] com.ingenuity.temp.apiupload.GenericApi.executePost(GenericApi.java:80) - parameter: obs5expval = #NUM!
2014-04-24 10:41:44,322 INFO [main] com.ingenuity.temp.apiupload.GenericApi.executePost(GenericApi.java:80) - parameter: obs6expval = #NUM!
2014-04-24 10:41:44,322 INFO [main] com.ingenuity.temp.apiupload.GenericApi.executePost(GenericApi.java:80) - parameter: obs6expval = #NUM!
2014-04-24 10:41:44,322 INFO [main] com.ingenuity.temp.apiupload.GenericApi.executePost(GenericApi.java:80) - parameter: geneid = 231009_at
2014-04-24 10:41:44,322 INFO [main] com.ingenuity.temp.apiupload.GenericApi.executePost(GenericApi.java:80) - parameter: geneid = 231009_at
2014-04-24 10:41:44,322 INFO [main] com.ingenuity.temp.apiupload.GenericApi.executePost(GenericApi.java:80) - parameter: expvalue = #NUM!
2014-04-24 10:41:44,322 INFO [main] com.ingenuity.temp.apiupload.GenericApi.executePost(GenericApi.java:80) - parameter: expvalue = #NUM!
2014-04-24 10:41:44,322 INFO [main] com.ingenuity.temp.apiupload.GenericApi.executePost(GenericApi.java:80) - parameter: obs2expval = #NUM!
2014-04-24 10:41:44,322 INFO [main] com.ingenuity.temp.apiupload.GenericApi.executePost(GenericApi.java:80) - parameter: obs2expval = #NUM!
2014-04-24 10:41:44,322 INFO [main] com.ingenuity.temp.apiupload.GenericApi.executePost(GenericApi.java:80) - parameter: obs3expval = #NUM!
2014-04-24 10:41:44,322 INFO [main] com.ingenuity.temp.apiupload.GenericApi.executePost(GenericApi.java:80) - parameter: obs3expval = #NUM!
2014-04-24 10:41:44,322 INFO [main] com.ingenuity.temp.apiupload.GenericApi.executePost(GenericApi.java:80) - parameter: obs4expval = #NUM!
2014-04-24 10:41:44,322 INFO [main] com.ingenuity.temp.apiupload.GenericApi.executePost(GenericApi.java:80) - parameter: obs4expval = #NUM!
2014-04-24 10:41:44,322 INFO [main] com.ingenuity.temp.apiupload.GenericApi.executePost(GenericApi.java:80) - parameter: obs5expval = #NUM!
2014-04-24 10:41:44,322 INFO [main] com.ingenuity.temp.apiupload.GenericApi.executePost(GenericApi.java:80) - parameter: obs5expval = #NUM!
2014-04-24 10:41:44,322 INFO [main] com.ingenuity.temp.apiupload.GenericApi.executePost(GenericApi.java:80) - parameter: obs6expval = #NUM!
2014-04-24 10:41:44,322 INFO [main] com.ingenuity.temp.apiupload.GenericApi.executePost(GenericApi.java:80) - parameter: obs6expval = #NUM!
2014-04-24 10:41:44,322 INFO [main] com.ingenuity.temp.apiupload.GenericApi.executePost(GenericApi.java:80) - parameter: geneid = 231577_s_at
2014-04-24 10:41:44,322 INFO [main] com.ingenuity.temp.apiupload.GenericApi.executePost(GenericApi.java:80) - parameter: geneid = 231577_s_at
2014-04-24 10:41:44,323 INFO [main] com.ingenuity.temp.apiupload.GenericApi.executePost(GenericApi.java:80) - parameter: expvalue = #NUM!
2014-04-24 10:41:44,323 INFO [main] com.ingenuity.temp.apiupload.GenericApi.executePost(GenericApi.java:80) - parameter: expvalue = #NUM!
2014-04-24 10:41:44,323 INFO [main] com.ingenuity.temp.apiupload.GenericApi.executePost(GenericApi.java:80) - parameter: obs2expval = #NUM!
2014-04-24 10:41:44,323 INFO [main] com.ingenuity.temp.apiupload.GenericApi.executePost(GenericApi.java:80) - parameter: obs2expval = #NUM!
2014-04-24 10:41:44,323 INFO [main] com.ingenuity.temp.apiupload.GenericApi.executePost(GenericApi.java:80) - parameter: obs3expval = #NUM!
2014-04-24 10:41:44,323 INFO [main] com.ingenuity.temp.apiupload.GenericApi.executePost(GenericApi.java:80) - parameter: obs3expval = #NUM!
2014-04-24 10:41:44,323 INFO [main] com.ingenuity.temp.apiupload.GenericApi.executePost(GenericApi.java:80) - parameter: obs4expval = #NUM!
2014-04-24 10:41:44,323 INFO [main] com.ingenuity.temp.apiupload.GenericApi.executePost(GenericApi.java:80) - parameter: obs4expval = #NUM!
2014-04-24 10:41:44,323 INFO [main] com.ingenuity.temp.apiupload.GenericApi.executePost(GenericApi.java:80) - parameter: obs5expval = #NUM!
2014-04-24 10:41:44,323 INFO [main] com.ingenuity.temp.apiupload.GenericApi.executePost(GenericApi.java:80) - parameter: obs5expval = #NUM!
2014-04-24 10:41:44,323 INFO [main] com.ingenuity.temp.apiupload.GenericApi.executePost(GenericApi.java:80) - parameter: obs6expval = #NUM!
2014-04-24 10:41:44,323 INFO [main] com.ingenuity.temp.apiupload.GenericApi.executePost(GenericApi.java:80) - parameter: obs6expval = #NUM!
2014-04-24 10:41:44,323 INFO [main] com.ingenuity.temp.apiupload.GenericApi.executePost(GenericApi.java:80) - parameter: geneid = 231655_x_at
2014-04-24 10:41:44,323 INFO [main] com.ingenuity.temp.apiupload.GenericApi.executePost(GenericApi.java:80) - parameter: geneid = 231655_x_at
2014-04-24 10:41:44,323 INFO [main] com.ingenuity.temp.apiupload.GenericApi.executePost(GenericApi.java:80) - parameter: expvalue = #NUM!
2014-04-24 10:41:44,323 INFO [main] com.ingenuity.temp.apiupload.GenericApi.executePost(GenericApi.java:80) - parameter: expvalue = #NUM!
2014-04-24 10:41:44,323 INFO [main] com.ingenuity.temp.apiupload.GenericApi.executePost(GenericApi.java:80) - parameter: obs2expval = #NUM!
2014-04-24 10:41:44,323 INFO [main] com.ingenuity.temp.apiupload.GenericApi.executePost(GenericApi.java:80) - parameter: obs2expval = #NUM!
2014-04-24 10:41:44,323 INFO [main] com.ingenuity.temp.apiupload.GenericApi.executePost(GenericApi.java:80) - parameter: obs3expval = #NUM!
2014-04-24 10:41:44,323 INFO [main] com.ingenuity.temp.apiupload.GenericApi.executePost(GenericApi.java:80) - parameter: obs3expval = #NUM!
2014-04-24 10:41:44,323 INFO [main] com.ingenuity.temp.apiupload.GenericApi.executePost(GenericApi.java:80) - parameter: obs4expval = #NUM!
2014-04-24 10:41:44,323 INFO [main] com.ingenuity.temp.apiupload.GenericApi.executePost(GenericApi.java:80) - parameter: obs4expval = #NUM!
2014-04-24 10:41:44,323 INFO [main] com.ingenuity.temp.apiupload.GenericApi.executePost(GenericApi.java:80) - parameter: obs5expval = #NUM!
2014-04-24 10:41:44,323 INFO [main] com.ingenuity.temp.apiupload.GenericApi.executePost(GenericApi.java:80) - parameter: obs5expval = #NUM!
2014-04-24 10:41:44,323 INFO [main] com.ingenuity.temp.apiupload.GenericApi.executePost(GenericApi.java:80) - parameter: obs6expval = #NUM!
2014-04-24 10:41:44,323 INFO [main] com.ingenuity.temp.apiupload.GenericApi.executePost(GenericApi.java:80) - parameter: obs6expval = #NUM!
2014-04-24 10:41:44,323 INFO [main] com.ingenuity.temp.apiupload.GenericApi.executePost(GenericApi.java:80) - parameter: geneid = 231941_s_at
2014-04-24 10:41:44,323 INFO [main] com.ingenuity.temp.apiupload.GenericApi.executePost(GenericApi.java:80) - parameter: geneid = 231941_s_at
2014-04-24 10:41:44,323 INFO [main] com.ingenuity.temp.apiupload.GenericApi.executePost(GenericApi.java:80) - parameter: expvalue = #NUM!
2014-04-24 10:41:44,323 INFO [main] com.ingenuity.temp.apiupload.GenericApi.executePost(GenericApi.java:80) - parameter: expvalue = #NUM!
2014-04-24 10:41:44,323 INFO [main] com.ingenuity.temp.apiupload.GenericApi.executePost(GenericApi.java:80) - parameter: obs2expval = #NUM!
2014-04-24 10:41:44,323 INFO [main] com.ingenuity.temp.apiupload.GenericApi.executePost(GenericApi.java:80) - parameter: obs2expval = #NUM!
2014-04-24 10:41:44,323 INFO [main] com.ingenuity.temp.apiupload.GenericApi.executePost(GenericApi.java:80) - parameter: obs3expval = #NUM!
2014-04-24 10:41:44,323 INFO [main] com.ingenuity.temp.apiupload.GenericApi.executePost(GenericApi.java:80) - parameter: obs3expval = #NUM!
2014-04-24 10:41:44,324 INFO [main] com.ingenuity.temp.apiupload.GenericApi.executePost(GenericApi.java:80) - parameter: obs4expval = #NUM!
2014-04-24 10:41:44,324 INFO [main] com.ingenuity.temp.apiupload.GenericApi.executePost(GenericApi.java:80) - parameter: obs4expval = #NUM!
2014-04-24 10:41:44,324 INFO [main] com.ingenuity.temp.apiupload.GenericApi.executePost(GenericApi.java:80) - parameter: obs5expval = #NUM!
2014-04-24 10:41:44,324 INFO [main] com.ingenuity.temp.apiupload.GenericApi.executePost(GenericApi.java:80) - parameter: obs5expval = #NUM!
2014-04-24 10:41:44,324 INFO [main] com.ingenuity.temp.apiupload.GenericApi.executePost(GenericApi.java:80) - parameter: obs6expval = #NUM!
2014-04-24 10:41:44,324 INFO [main] com.ingenuity.temp.apiupload.GenericApi.executePost(GenericApi.java:80) - parameter: obs6expval = #NUM!
2014-04-24 10:41:44,324 INFO [main] com.ingenuity.temp.apiupload.GenericApi.executePost(GenericApi.java:80) - parameter: geneid = 232654_s_at
2014-04-24 10:41:44,324 INFO [main] com.ingenuity.temp.apiupload.GenericApi.executePost(GenericApi.java:80) - parameter: geneid = 232654_s_at
2014-04-24 10:41:44,324 INFO [main] com.ingenuity.temp.apiupload.GenericApi.executePost(GenericApi.java:80) - parameter: expvalue = #NUM!
2014-04-24 10:41:44,324 INFO [main] com.ingenuity.temp.apiupload.GenericApi.executePost(GenericApi.java:80) - parameter: expvalue = #NUM!
2014-04-24 10:41:44,324 INFO [main] com.ingenuity.temp.apiupload.GenericApi.executePost(GenericApi.java:80) - parameter: obs2expval = #NUM!
2014-04-24 10:41:44,324 INFO [main] com.ingenuity.temp.apiupload.GenericApi.executePost(GenericApi.java:80) - parameter: obs2expval = #NUM!
2014-04-24 10:41:44,324 INFO [main] com.ingenuity.temp.apiupload.GenericApi.executePost(GenericApi.java:80) - parameter: obs3expval = #NUM!
2014-04-24 10:41:44,324 INFO [main] com.ingenuity.temp.apiupload.GenericApi.executePost(GenericApi.java:80) - parameter: obs3expval = #NUM!
2014-04-24 10:41:44,324 INFO [main] com.ingenuity.temp.apiupload.GenericApi.executePost(GenericApi.java:80) - parameter: obs4expval = #NUM!
2014-04-24 10:41:44,324 INFO [main] com.ingenuity.temp.apiupload.GenericApi.executePost(GenericApi.java:80) - parameter: obs4expval = #NUM!
2014-04-24 10:41:44,324 INFO [main] com.ingenuity.temp.apiupload.GenericApi.executePost(GenericApi.java:80) - parameter: obs5expval = #NUM!
2014-04-24 10:41:44,324 INFO [main] com.ingenuity.temp.apiupload.GenericApi.executePost(GenericApi.java:80) - parameter: obs5expval = #NUM!
2014-04-24 10:41:44,324 INFO [main] com.ingenuity.temp.apiupload.GenericApi.executePost(GenericApi.java:80) - parameter: obs6expval = #NUM!
2014-04-24 10:41:44,324 INFO [main] com.ingenuity.temp.apiupload.GenericApi.executePost(GenericApi.java:80) - parameter: obs6expval = #NUM!
2014-04-24 10:41:44,324 INFO [main] com.ingenuity.temp.apiupload.GenericApi.executePost(GenericApi.java:80) - parameter: geneid = 233849_s_at
2014-04-24 10:41:44,324 INFO [main] com.ingenuity.temp.apiupload.GenericApi.executePost(GenericApi.java:80) - parameter: geneid = 233849_s_at
2014-04-24 10:41:44,324 INFO [main] com.ingenuity.temp.apiupload.GenericApi.executePost(GenericApi.java:80) - parameter: expvalue = #NUM!
2014-04-24 10:41:44,324 INFO [main] com.ingenuity.temp.apiupload.GenericApi.executePost(GenericApi.java:80) - parameter: expvalue = #NUM!
2014-04-24 10:41:44,324 INFO [main] com.ingenuity.temp.apiupload.GenericApi.executePost(GenericApi.java:80) - parameter: obs2expval = #NUM!
2014-04-24 10:41:44,324 INFO [main] com.ingenuity.temp.apiupload.GenericApi.executePost(GenericApi.java:80) - parameter: obs2expval = #NUM!
2014-04-24 10:41:44,324 INFO [main] com.ingenuity.temp.apiupload.GenericApi.executePost(GenericApi.java:80) - parameter: obs3expval = #NUM!
2014-04-24 10:41:44,324 INFO [main] com.ingenuity.temp.apiupload.GenericApi.executePost(GenericApi.java:80) - parameter: obs3expval = #NUM!
2014-04-24 10:41:44,324 INFO [main] com.ingenuity.temp.apiupload.GenericApi.executePost(GenericApi.java:80) - parameter: obs4expval = #NUM!
2014-04-24 10:41:44,324 INFO [main] com.ingenuity.temp.apiupload.GenericApi.executePost(GenericApi.java:80) - parameter: obs4expval = #NUM!
2014-04-24 10:41:44,325 INFO [main] com.ingenuity.temp.apiupload.GenericApi.executePost(GenericApi.java:80) - parameter: obs5expval = #NUM!
2014-04-24 10:41:44,325 INFO [main] com.ingenuity.temp.apiupload.GenericApi.executePost(GenericApi.java:80) - parameter: obs5expval = #NUM!
2014-04-24 10:41:44,325 INFO [main] com.ingenuity.temp.apiupload.GenericApi.executePost(GenericApi.java:80) - parameter: obs6expval = #NUM!
2014-04-24 10:41:44,325 INFO [main] com.ingenuity.temp.apiupload.GenericApi.executePost(GenericApi.java:80) - parameter: obs6expval = #NUM!
2014-04-24 10:41:44,325 INFO [main] com.ingenuity.temp.apiupload.GenericApi.executePost(GenericApi.java:80) - parameter: geneid = 233970_s_at
2014-04-24 10:41:44,325 INFO [main] com.ingenuity.temp.apiupload.GenericApi.executePost(GenericApi.java:80) - parameter: geneid = 233970_s_at
2014-04-24 10:41:44,325 INFO [main] com.ingenuity.temp.apiupload.GenericApi.executePost(GenericApi.java:80) - parameter: expvalue = #NUM!
2014-04-24 10:41:44,325 INFO [main] com.ingenuity.temp.apiupload.GenericApi.executePost(GenericApi.java:80) - parameter: expvalue = #NUM!
2014-04-24 10:41:44,325 INFO [main] com.ingenuity.temp.apiupload.GenericApi.executePost(GenericApi.java:80) - parameter: obs2expval = #NUM!
2014-04-24 10:41:44,325 INFO [main] com.ingenuity.temp.apiupload.GenericApi.executePost(GenericApi.java:80) - parameter: obs2expval = #NUM!
2014-04-24 10:41:44,325 INFO [main] com.ingenuity.temp.apiupload.GenericApi.executePost(GenericApi.java:80) - parameter: obs3expval = #NUM!
2014-04-24 10:41:44,325 INFO [main] com.ingenuity.temp.apiupload.GenericApi.executePost(GenericApi.java:80) - parameter: obs3expval = #NUM!
2014-04-24 10:41:44,325 INFO [main] com.ingenuity.temp.apiupload.GenericApi.executePost(GenericApi.java:80) - parameter: obs4expval = #NUM!
2014-04-24 10:41:44,325 INFO [main] com.ingenuity.temp.apiupload.GenericApi.executePost(GenericApi.java:80) - parameter: obs4expval = #NUM!
2014-04-24 10:41:44,325 INFO [main] com.ingenuity.temp.apiupload.GenericApi.executePost(GenericApi.java:80) - parameter: obs5expval = #NUM!
2014-04-24 10:41:44,325 INFO [main] com.ingenuity.temp.apiupload.GenericApi.executePost(GenericApi.java:80) - parameter: obs5expval = #NUM!
2014-04-24 10:41:44,325 INFO [main] com.ingenuity.temp.apiupload.GenericApi.executePost(GenericApi.java:80) - parameter: obs6expval = #NUM!
2014-04-24 10:41:44,325 INFO [main] com.ingenuity.temp.apiupload.GenericApi.executePost(GenericApi.java:80) - parameter: obs6expval = #NUM!
2014-04-24 10:41:44,325 INFO [main] com.ingenuity.temp.apiupload.GenericApi.executePost(GenericApi.java:80) - parameter: geneid = 235429_at
2014-04-24 10:41:44,325 INFO [main] com.ingenuity.temp.apiupload.GenericApi.executePost(GenericApi.java:80) - parameter: geneid = 235429_at
2014-04-24 10:41:44,325 INFO [main] com.ingenuity.temp.apiupload.GenericApi.executePost(GenericApi.java:80) - parameter: expvalue = #NUM!
2014-04-24 10:41:44,325 INFO [main] com.ingenuity.temp.apiupload.GenericApi.executePost(GenericApi.java:80) - parameter: expvalue = #NUM!
2014-04-24 10:41:44,325 INFO [main] com.ingenuity.temp.apiupload.GenericApi.executePost(GenericApi.java:80) - parameter: obs2expval = #NUM!
2014-04-24 10:41:44,325 INFO [main] com.ingenuity.temp.apiupload.GenericApi.executePost(GenericApi.java:80) - parameter: obs2expval = #NUM!
2014-04-24 10:41:44,325 INFO [main] com.ingenuity.temp.apiupload.GenericApi.executePost(GenericApi.java:80) - parameter: obs3expval = #NUM!
2014-04-24 10:41:44,325 INFO [main] com.ingenuity.temp.apiupload.GenericApi.executePost(GenericApi.java:80) - parameter: obs3expval = #NUM!
2014-04-24 10:41:44,325 INFO [main] com.ingenuity.temp.apiupload.GenericApi.executePost(GenericApi.java:80) - parameter: obs4expval = #NUM!
2014-04-24 10:41:44,325 INFO [main] com.ingenuity.temp.apiupload.GenericApi.executePost(GenericApi.java:80) - parameter: obs4expval = #NUM!
2014-04-24 10:41:44,325 INFO [main] com.ingenuity.temp.apiupload.GenericApi.executePost(GenericApi.java:80) - parameter: obs5expval = #NUM!
2014-04-24 10:41:44,325 INFO [main] com.ingenuity.temp.apiupload.GenericApi.executePost(GenericApi.java:80) - parameter: obs5expval = #NUM!
2014-04-24 10:41:44,325 INFO [main] com.ingenuity.temp.apiupload.GenericApi.executePost(GenericApi.java:80) - parameter: obs6expval = #NUM!
2014-04-24 10:41:44,325 INFO [main] com.ingenuity.temp.apiupload.GenericApi.executePost(GenericApi.java:80) - parameter: obs6expval = #NUM!
2014-04-24 10:41:44,326 INFO [main] com.ingenuity.temp.apiupload.GenericApi.executePost(GenericApi.java:80) - parameter: geneid = 235648_at
2014-04-24 10:41:44,326 INFO [main] com.ingenuity.temp.apiupload.GenericApi.executePost(GenericApi.java:80) - parameter: geneid = 235648_at
2014-04-24 10:41:44,326 INFO [main] com.ingenuity.temp.apiupload.GenericApi.executePost(GenericApi.java:80) - parameter: expvalue = #NUM!
2014-04-24 10:41:44,326 INFO [main] com.ingenuity.temp.apiupload.GenericApi.executePost(GenericApi.java:80) - parameter: expvalue = #NUM!
2014-04-24 10:41:44,326 INFO [main] com.ingenuity.temp.apiupload.GenericApi.executePost(GenericApi.java:80) - parameter: obs2expval = #NUM!
2014-04-24 10:41:44,326 INFO [main] com.ingenuity.temp.apiupload.GenericApi.executePost(GenericApi.java:80) - parameter: obs2expval = #NUM!
2014-04-24 10:41:44,326 INFO [main] com.ingenuity.temp.apiupload.GenericApi.executePost(GenericApi.java:80) - parameter: obs3expval = #NUM!
2014-04-24 10:41:44,326 INFO [main] com.ingenuity.temp.apiupload.GenericApi.executePost(GenericApi.java:80) - parameter: obs3expval = #NUM!
2014-04-24 10:41:44,326 INFO [main] com.ingenuity.temp.apiupload.GenericApi.executePost(GenericApi.java:80) - parameter: obs4expval = #NUM!
2014-04-24 10:41:44,326 INFO [main] com.ingenuity.temp.apiupload.GenericApi.executePost(GenericApi.java:80) - parameter: obs4expval = #NUM!
2014-04-24 10:41:44,326 INFO [main] com.ingenuity.temp.apiupload.GenericApi.executePost(GenericApi.java:80) - parameter: obs5expval = #NUM!
2014-04-24 10:41:44,326 INFO [main] com.ingenuity.temp.apiupload.GenericApi.executePost(GenericApi.java:80) - parameter: obs5expval = #NUM!
2014-04-24 10:41:44,326 INFO [main] com.ingenuity.temp.apiupload.GenericApi.executePost(GenericApi.java:80) - parameter: obs6expval = #NUM!
2014-04-24 10:41:44,326 INFO [main] com.ingenuity.temp.apiupload.GenericApi.executePost(GenericApi.java:80) - parameter: obs6expval = #NUM!
2014-04-24 10:41:44,326 INFO [main] com.ingenuity.temp.apiupload.GenericApi.executePost(GenericApi.java:80) - parameter: geneid = 238373_at
2014-04-24 10:41:44,326 INFO [main] com.ingenuity.temp.apiupload.GenericApi.executePost(GenericApi.java:80) - parameter: geneid = 238373_at
2014-04-24 10:41:44,326 INFO [main] com.ingenuity.temp.apiupload.GenericApi.executePost(GenericApi.java:80) - parameter: expvalue = #NUM!
2014-04-24 10:41:44,326 INFO [main] com.ingenuity.temp.apiupload.GenericApi.executePost(GenericApi.java:80) - parameter: expvalue = #NUM!
2014-04-24 10:41:44,326 INFO [main] com.ingenuity.temp.apiupload.GenericApi.executePost(GenericApi.java:80) - parameter: obs2expval = #NUM!
2014-04-24 10:41:44,326 INFO [main] com.ingenuity.temp.apiupload.GenericApi.executePost(GenericApi.java:80) - parameter: obs2expval = #NUM!
2014-04-24 10:41:44,326 INFO [main] com.ingenuity.temp.apiupload.GenericApi.executePost(GenericApi.java:80) - parameter: obs3expval = #NUM!
2014-04-24 10:41:44,326 INFO [main] com.ingenuity.temp.apiupload.GenericApi.executePost(GenericApi.java:80) - parameter: obs3expval = #NUM!
2014-04-24 10:41:44,326 INFO [main] com.ingenuity.temp.apiupload.GenericApi.executePost(GenericApi.java:80) - parameter: obs4expval = #NUM!
2014-04-24 10:41:44,326 INFO [main] com.ingenuity.temp.apiupload.GenericApi.executePost(GenericApi.java:80) - parameter: obs4expval = #NUM!
2014-04-24 10:41:44,326 INFO [main] com.ingenuity.temp.apiupload.GenericApi.executePost(GenericApi.java:80) - parameter: obs5expval = #NUM!
2014-04-24 10:41:44,326 INFO [main] com.ingenuity.temp.apiupload.GenericApi.executePost(GenericApi.java:80) - parameter: obs5expval = #NUM!
2014-04-24 10:41:44,326 INFO [main] com.ingenuity.temp.apiupload.GenericApi.executePost(GenericApi.java:80) - parameter: obs6expval = #NUM!
2014-04-24 10:41:44,326 INFO [main] com.ingenuity.temp.apiupload.GenericApi.executePost(GenericApi.java:80) - parameter: obs6expval = #NUM!
2014-04-24 10:41:44,326 INFO [main] com.ingenuity.temp.apiupload.GenericApi.executePost(GenericApi.java:80) - parameter: geneid = 238991_at
2014-04-24 10:41:44,326 INFO [main] com.ingenuity.temp.apiupload.GenericApi.executePost(GenericApi.java:80) - parameter: geneid = 238991_at
2014-04-24 10:41:44,327 INFO [main] com.ingenuity.temp.apiupload.GenericApi.executePost(GenericApi.java:80) - parameter: expvalue = #NUM!
2014-04-24 10:41:44,327 INFO [main] com.ingenuity.temp.apiupload.GenericApi.executePost(GenericApi.java:80) - parameter: expvalue = #NUM!
2014-04-24 10:41:44,327 INFO [main] com.ingenuity.temp.apiupload.GenericApi.executePost(GenericApi.java:80) - parameter: obs2expval = #NUM!
2014-04-24 10:41:44,327 INFO [main] com.ingenuity.temp.apiupload.GenericApi.executePost(GenericApi.java:80) - parameter: obs2expval = #NUM!
2014-04-24 10:41:44,327 INFO [main] com.ingenuity.temp.apiupload.GenericApi.executePost(GenericApi.java:80) - parameter: obs3expval = #NUM!
2014-04-24 10:41:44,327 INFO [main] com.ingenuity.temp.apiupload.GenericApi.executePost(GenericApi.java:80) - parameter: obs3expval = #NUM!
2014-04-24 10:41:44,327 INFO [main] com.ingenuity.temp.apiupload.GenericApi.executePost(GenericApi.java:80) - parameter: obs4expval = #NUM!
2014-04-24 10:41:44,327 INFO [main] com.ingenuity.temp.apiupload.GenericApi.executePost(GenericApi.java:80) - parameter: obs4expval = #NUM!
2014-04-24 10:41:44,327 INFO [main] com.ingenuity.temp.apiupload.GenericApi.executePost(GenericApi.java:80) - parameter: obs5expval = #NUM!
2014-04-24 10:41:44,327 INFO [main] com.ingenuity.temp.apiupload.GenericApi.executePost(GenericApi.java:80) - parameter: obs5expval = #NUM!
2014-04-24 10:41:44,327 INFO [main] com.ingenuity.temp.apiupload.GenericApi.executePost(GenericApi.java:80) - parameter: obs6expval = #NUM!
2014-04-24 10:41:44,327 INFO [main] com.ingenuity.temp.apiupload.GenericApi.executePost(GenericApi.java:80) - parameter: obs6expval = #NUM!
2014-04-24 10:41:44,327 INFO [main] com.ingenuity.temp.apiupload.GenericApi.executePost(GenericApi.java:80) - parameter: geneid = 240363_at
2014-04-24 10:41:44,327 INFO [main] com.ingenuity.temp.apiupload.GenericApi.executePost(GenericApi.java:80) - parameter: geneid = 240363_at
2014-04-24 10:41:44,327 INFO [main] com.ingenuity.temp.apiupload.GenericApi.executePost(GenericApi.java:80) - parameter: expvalue = #NUM!
2014-04-24 10:41:44,327 INFO [main] com.ingenuity.temp.apiupload.GenericApi.executePost(GenericApi.java:80) - parameter: expvalue = #NUM!
2014-04-24 10:41:44,327 INFO [main] com.ingenuity.temp.apiupload.GenericApi.executePost(GenericApi.java:80) - parameter: obs2expval = #NUM!
2014-04-24 10:41:44,327 INFO [main] com.ingenuity.temp.apiupload.GenericApi.executePost(GenericApi.java:80) - parameter: obs2expval = #NUM!
2014-04-24 10:41:44,327 INFO [main] com.ingenuity.temp.apiupload.GenericApi.executePost(GenericApi.java:80) - parameter: obs3expval = #NUM!
2014-04-24 10:41:44,327 INFO [main] com.ingenuity.temp.apiupload.GenericApi.executePost(GenericApi.java:80) - parameter: obs3expval = #NUM!
2014-04-24 10:41:44,327 INFO [main] com.ingenuity.temp.apiupload.GenericApi.executePost(GenericApi.java:80) - parameter: obs4expval = #NUM!
2014-04-24 10:41:44,327 INFO [main] com.ingenuity.temp.apiupload.GenericApi.executePost(GenericApi.java:80) - parameter: obs4expval = #NUM!
2014-04-24 10:41:44,327 INFO [main] com.ingenuity.temp.apiupload.GenericApi.executePost(GenericApi.java:80) - parameter: obs5expval = #NUM!
2014-04-24 10:41:44,327 INFO [main] com.ingenuity.temp.apiupload.GenericApi.executePost(GenericApi.java:80) - parameter: obs5expval = #NUM!
2014-04-24 10:41:44,327 INFO [main] com.ingenuity.temp.apiupload.GenericApi.executePost(GenericApi.java:80) - parameter: obs6expval = #NUM!
2014-04-24 10:41:44,327 INFO [main] com.ingenuity.temp.apiupload.GenericApi.executePost(GenericApi.java:80) - parameter: obs6expval = #NUM!
2014-04-24 10:41:44,327 INFO [main] com.ingenuity.temp.apiupload.GenericApi.executePost(GenericApi.java:80) - parameter: geneid = 241428_x_at
2014-04-24 10:41:44,327 INFO [main] com.ingenuity.temp.apiupload.GenericApi.executePost(GenericApi.java:80) - parameter: geneid = 241428_x_at
2014-04-24 10:41:44,327 INFO [main] com.ingenuity.temp.apiupload.GenericApi.executePost(GenericApi.java:80) - parameter: expvalue = #NUM!
2014-04-24 10:41:44,327 INFO [main] com.ingenuity.temp.apiupload.GenericApi.executePost(GenericApi.java:80) - parameter: expvalue = #NUM!
2014-04-24 10:41:44,328 INFO [main] com.ingenuity.temp.apiupload.GenericApi.executePost(GenericApi.java:80) - parameter: obs2expval = #NUM!
2014-04-24 10:41:44,328 INFO [main] com.ingenuity.temp.apiupload.GenericApi.executePost(GenericApi.java:80) - parameter: obs2expval = #NUM!
2014-04-24 10:41:44,328 INFO [main] com.ingenuity.temp.apiupload.GenericApi.executePost(GenericApi.java:80) - parameter: obs3expval = #NUM!
2014-04-24 10:41:44,328 INFO [main] com.ingenuity.temp.apiupload.GenericApi.executePost(GenericApi.java:80) - parameter: obs3expval = #NUM!
2014-04-24 10:41:44,328 INFO [main] com.ingenuity.temp.apiupload.GenericApi.executePost(GenericApi.java:80) - parameter: obs4expval = #NUM!
2014-04-24 10:41:44,328 INFO [main] com.ingenuity.temp.apiupload.GenericApi.executePost(GenericApi.java:80) - parameter: obs4expval = #NUM!
2014-04-24 10:41:44,328 INFO [main] com.ingenuity.temp.apiupload.GenericApi.executePost(GenericApi.java:80) - parameter: obs5expval = #NUM!
2014-04-24 10:41:44,328 INFO [main] com.ingenuity.temp.apiupload.GenericApi.executePost(GenericApi.java:80) - parameter: obs5expval = #NUM!
2014-04-24 10:41:44,328 INFO [main] com.ingenuity.temp.apiupload.GenericApi.executePost(GenericApi.java:80) - parameter: obs6expval = #NUM!
2014-04-24 10:41:44,328 INFO [main] com.ingenuity.temp.apiupload.GenericApi.executePost(GenericApi.java:80) - parameter: obs6expval = #NUM!
2014-04-24 10:41:44,328 INFO [main] com.ingenuity.temp.apiupload.GenericApi.executePost(GenericApi.java:80) - parameter: geneid = 243306_s_at
2014-04-24 10:41:44,328 INFO [main] com.ingenuity.temp.apiupload.GenericApi.executePost(GenericApi.java:80) - parameter: geneid = 243306_s_at
2014-04-24 10:41:44,328 INFO [main] com.ingenuity.temp.apiupload.GenericApi.executePost(GenericApi.java:80) - parameter: expvalue = #NUM!
2014-04-24 10:41:44,328 INFO [main] com.ingenuity.temp.apiupload.GenericApi.executePost(GenericApi.java:80) - parameter: expvalue = #NUM!
2014-04-24 10:41:44,328 INFO [main] com.ingenuity.temp.apiupload.GenericApi.executePost(GenericApi.java:80) - parameter: obs2expval = #NUM!
2014-04-24 10:41:44,328 INFO [main] com.ingenuity.temp.apiupload.GenericApi.executePost(GenericApi.java:80) - parameter: obs2expval = #NUM!
2014-04-24 10:41:44,328 INFO [main] com.ingenuity.temp.apiupload.GenericApi.executePost(GenericApi.java:80) - parameter: obs3expval = #NUM!
2014-04-24 10:41:44,328 INFO [main] com.ingenuity.temp.apiupload.GenericApi.executePost(GenericApi.java:80) - parameter: obs3expval = #NUM!
2014-04-24 10:41:44,328 INFO [main] com.ingenuity.temp.apiupload.GenericApi.executePost(GenericApi.java:80) - parameter: obs4expval = #NUM!
2014-04-24 10:41:44,328 INFO [main] com.ingenuity.temp.apiupload.GenericApi.executePost(GenericApi.java:80) - parameter: obs4expval = #NUM!
2014-04-24 10:41:44,328 INFO [main] com.ingenuity.temp.apiupload.GenericApi.executePost(GenericApi.java:80) - parameter: obs5expval = #NUM!
2014-04-24 10:41:44,328 INFO [main] com.ingenuity.temp.apiupload.GenericApi.executePost(GenericApi.java:80) - parameter: obs5expval = #NUM!
2014-04-24 10:41:44,328 INFO [main] com.ingenuity.temp.apiupload.GenericApi.executePost(GenericApi.java:80) - parameter: obs6expval = #NUM!
2014-04-24 10:41:44,328 INFO [main] com.ingenuity.temp.apiupload.GenericApi.executePost(GenericApi.java:80) - parameter: obs6expval = #NUM!
2014-04-24 10:41:44,328 INFO [main] com.ingenuity.temp.apiupload.GenericApi.executePost(GenericApi.java:80) - parameter: geneid = 55872_at
2014-04-24 10:41:44,328 INFO [main] com.ingenuity.temp.apiupload.GenericApi.executePost(GenericApi.java:80) - parameter: geneid = 55872_at
2014-04-24 10:41:44,328 INFO [main] com.ingenuity.temp.apiupload.GenericApi.executePost(GenericApi.java:80) - parameter: expvalue = #NUM!
2014-04-24 10:41:44,328 INFO [main] com.ingenuity.temp.apiupload.GenericApi.executePost(GenericApi.java:80) - parameter: expvalue = #NUM!
2014-04-24 10:41:44,328 INFO [main] com.ingenuity.temp.apiupload.GenericApi.executePost(GenericApi.java:80) - parameter: obs2expval = #NUM!
2014-04-24 10:41:44,328 INFO [main] com.ingenuity.temp.apiupload.GenericApi.executePost(GenericApi.java:80) - parameter: obs2expval = #NUM!
2014-04-24 10:41:44,329 INFO [main] com.ingenuity.temp.apiupload.GenericApi.executePost(GenericApi.java:80) - parameter: obs3expval = #NUM!
2014-04-24 10:41:44,329 INFO [main] com.ingenuity.temp.apiupload.GenericApi.executePost(GenericApi.java:80) - parameter: obs3expval = #NUM!
2014-04-24 10:41:44,329 INFO [main] com.ingenuity.temp.apiupload.GenericApi.executePost(GenericApi.java:80) - parameter: obs4expval = #NUM!
2014-04-24 10:41:44,329 INFO [main] com.ingenuity.temp.apiupload.GenericApi.executePost(GenericApi.java:80) - parameter: obs4expval = #NUM!
2014-04-24 10:41:44,329 INFO [main] com.ingenuity.temp.apiupload.GenericApi.executePost(GenericApi.java:80) - parameter: obs5expval = #NUM!
2014-04-24 10:41:44,329 INFO [main] com.ingenuity.temp.apiupload.GenericApi.executePost(GenericApi.java:80) - parameter: obs5expval = #NUM!
2014-04-24 10:41:44,329 INFO [main] com.ingenuity.temp.apiupload.GenericApi.executePost(GenericApi.java:80) - parameter: obs6expval = #NUM!
2014-04-24 10:41:44,329 INFO [main] com.ingenuity.temp.apiupload.GenericApi.executePost(GenericApi.java:80) - parameter: obs6expval = #NUM!
2014-04-24 10:41:44,329 INFO [main] com.ingenuity.temp.apiupload.GenericApi.executePost(GenericApi.java:80) - parameter: geneid = 63825_at
2014-04-24 10:41:44,329 INFO [main] com.ingenuity.temp.apiupload.GenericApi.executePost(GenericApi.java:80) - parameter: geneid = 63825_at
2014-04-24 10:41:44,329 INFO [main] com.ingenuity.temp.apiupload.GenericApi.executePost(GenericApi.java:80) - parameter: expvalue = #NUM!
2014-04-24 10:41:44,329 INFO [main] com.ingenuity.temp.apiupload.GenericApi.executePost(GenericApi.java:80) - parameter: expvalue = #NUM!
2014-04-24 10:41:44,329 INFO [main] com.ingenuity.temp.apiupload.GenericApi.executePost(GenericApi.java:80) - parameter: obs2expval = #NUM!
2014-04-24 10:41:44,329 INFO [main] com.ingenuity.temp.apiupload.GenericApi.executePost(GenericApi.java:80) - parameter: obs2expval = #NUM!
2014-04-24 10:41:44,329 INFO [main] com.ingenuity.temp.apiupload.GenericApi.executePost(GenericApi.java:80) - parameter: obs3expval = #NUM!
2014-04-24 10:41:44,329 INFO [main] com.ingenuity.temp.apiupload.GenericApi.executePost(GenericApi.java:80) - parameter: obs3expval = #NUM!
2014-04-24 10:41:44,329 INFO [main] com.ingenuity.temp.apiupload.GenericApi.executePost(GenericApi.java:80) - parameter: obs4expval = #NUM!
2014-04-24 10:41:44,329 INFO [main] com.ingenuity.temp.apiupload.GenericApi.executePost(GenericApi.java:80) - parameter: obs4expval = #NUM!
2014-04-24 10:41:44,329 INFO [main] com.ingenuity.temp.apiupload.GenericApi.executePost(GenericApi.java:80) - parameter: obs5expval = #NUM!
2014-04-24 10:41:44,329 INFO [main] com.ingenuity.temp.apiupload.GenericApi.executePost(GenericApi.java:80) - parameter: obs5expval = #NUM!
2014-04-24 10:41:44,329 INFO [main] com.ingenuity.temp.apiupload.GenericApi.executePost(GenericApi.java:80) - parameter: obs6expval = #NUM!
2014-04-24 10:41:44,329 INFO [main] com.ingenuity.temp.apiupload.GenericApi.executePost(GenericApi.java:80) - parameter: obs6expval = #NUM!
2014-04-24 10:41:44,329 INFO [main] com.ingenuity.temp.apiupload.GenericApi.executePost(GenericApi.java:80) - parameter: geneid = 87100_at
2014-04-24 10:41:44,329 INFO [main] com.ingenuity.temp.apiupload.GenericApi.executePost(GenericApi.java:80) - parameter: geneid = 87100_at
2014-04-24 10:41:44,329 INFO [main] com.ingenuity.temp.apiupload.GenericApi.executePost(GenericApi.java:80) - parameter: expvalue = #NUM!
2014-04-24 10:41:44,329 INFO [main] com.ingenuity.temp.apiupload.GenericApi.executePost(GenericApi.java:80) - parameter: expvalue = #NUM!
2014-04-24 10:41:44,329 INFO [main] com.ingenuity.temp.apiupload.GenericApi.executePost(GenericApi.java:80) - parameter: obs2expval = #NUM!
2014-04-24 10:41:44,329 INFO [main] com.ingenuity.temp.apiupload.GenericApi.executePost(GenericApi.java:80) - parameter: obs2expval = #NUM!
2014-04-24 10:41:44,329 INFO [main] com.ingenuity.temp.apiupload.GenericApi.executePost(GenericApi.java:80) - parameter: obs3expval = #NUM!
2014-04-24 10:41:44,329 INFO [main] com.ingenuity.temp.apiupload.GenericApi.executePost(GenericApi.java:80) - parameter: obs3expval = #NUM!
2014-04-24 10:41:44,329 INFO [main] com.ingenuity.temp.apiupload.GenericApi.executePost(GenericApi.java:80) - parameter: obs4expval = #NUM!
2014-04-24 10:41:44,329 INFO [main] com.ingenuity.temp.apiupload.GenericApi.executePost(GenericApi.java:80) - parameter: obs4expval = #NUM!
2014-04-24 10:41:44,330 INFO [main] com.ingenuity.temp.apiupload.GenericApi.executePost(GenericApi.java:80) - parameter: obs5expval = #NUM!
2014-04-24 10:41:44,330 INFO [main] com.ingenuity.temp.apiupload.GenericApi.executePost(GenericApi.java:80) - parameter: obs5expval = #NUM!
2014-04-24 10:41:44,330 INFO [main] com.ingenuity.temp.apiupload.GenericApi.executePost(GenericApi.java:80) - parameter: obs6expval = #NUM!
2014-04-24 10:41:44,330 INFO [main] com.ingenuity.temp.apiupload.GenericApi.executePost(GenericApi.java:80) - parameter: obs6expval = #NUM!
